2015-06-24T00:25:15.661Z 25553 TID-osy08fc4k INFO: Booting Sidekiq 3.3.0 with redis options {:url=>"redis://192.168.21.10:6379/1", :namespace=>"cma"}
2015-06-24T00:25:16.416Z 25553 TID-osy08fc4k INFO: Running in ruby 2.1.5p273 (2014-11-13 revision 48405) [x86_64-linux]
2015-06-24T00:25:16.417Z 25553 TID-osy08fc4k INFO: See LICENSE and the LGPL-3.0 for licensing details.
2015-06-24T00:25:16.417Z 25553 TID-osy08fc4k INFO: Upgrade to Sidekiq Pro for more features and support: http://sidekiq.org/pro
2015-06-24T00:25:16.417Z 25553 TID-osy08fc4k INFO: Starting processing, hit Ctrl-C to stop
2015-06-24T02:58:39.533Z 25553 TID-osy0taly0 FileProcessorWorker JID-a630d01ebcdbc90113111e0b INFO: start
2015-06-24T02:58:41.536Z 25553 TID-osy0taly0 FileProcessorWorker JID-a630d01ebcdbc90113111e0b INFO: fail: 2.003 sec
2015-06-24T02:58:41.539Z 25553 TID-osy0taly0 WARN: {"retry"=>true, "queue"=>"upload", "class"=>"FileProcessorWorker", "args"=>["CMA-JR", "28MM_PORTRAIT_D'UNE_GENERATION_2004", "E_SELECTION"], "jid"=>"a630d01ebcdbc90113111e0b", "enqueued_at"=>1434993246.91739, "error_message"=>"5551142554 is out of range for ActiveRecord::Type::UnsignedInteger with limit 4", "error_class"=>"RangeError", "failed_at"=>1435021459.82026, "retry_count"=>14, "retried_at"=>1435114721.5358567}
2015-06-24T02:58:41.539Z 25553 TID-osy0taly0 WARN: 5551142554 is out of range for ActiveRecord::Type::UnsignedInteger with limit 4
2015-06-24T02:58:41.539Z 25553 TID-osy0taly0 WARN: /home/web/swift-explorer/shared/bundle/ruby/2.1.0/gems/activerecord-4.2.0/lib/active_record/type/integer.rb:41:in `ensure_in_range'
/home/web/swift-explorer/shared/bundle/ruby/2.1.0/gems/activerecord-4.2.0/lib/active_record/type/integer.rb:34:in `cast_value'
/home/web/swift-explorer/shared/bundle/ruby/2.1.0/gems/activerecord-4.2.0/lib/active_record/type/value.rb:89:in `type_cast'
/home/web/swift-explorer/shared/bundle/ruby/2.1.0/gems/activerecord-4.2.0/lib/active_record/type/numeric.rb:15:in `type_cast'
/home/web/swift-explorer/shared/bundle/ruby/2.1.0/gems/activerecord-4.2.0/lib/active_record/type/value.rb:34:in `type_cast_from_user'
/home/web/swift-explorer/shared/bundle/ruby/2.1.0/gems/activerecord-4.2.0/lib/active_record/attribute.rb:100:in `type_cast'
/home/web/swift-explorer/shared/bundle/ruby/2.1.0/gems/activerecord-4.2.0/lib/active_record/attribute.rb:42:in `original_value'
/home/web/swift-explorer/shared/bundle/ruby/2.1.0/gems/activerecord-4.2.0/lib/active_record/attribute.rb:37:in `value'
/home/web/swift-explorer/shared/bundle/ruby/2.1.0/gems/activerecord-4.2.0/lib/active_record/attribute.rb:54:in `changed_in_place_from?'
/home/web/swift-explorer/shared/bundle/ruby/2.1.0/gems/activerecord-4.2.0/lib/active_record/attribute_methods/dirty.rb:74:in `attribute_changed_in_place?'
/home/web/swift-explorer/shared/bundle/ruby/2.1.0/gems/activerecord-4.2.0/lib/active_record/attribute_methods/dirty.rb:149:in `block in changed_in_place'
/home/web/swift-explorer/shared/bundle/ruby/2.1.0/gems/activerecord-4.2.0/lib/active_record/attribute_methods/dirty.rb:148:in `select'
/home/web/swift-explorer/shared/bundle/ruby/2.1.0/gems/activerecord-4.2.0/lib/active_record/attribute_methods/dirty.rb:148:in `changed_in_place'
/home/web/swift-explorer/shared/bundle/ruby/2.1.0/gems/activerecord-4.2.0/lib/active_record/attribute_methods/dirty.rb:141:in `attributes_changed_in_place'
/home/web/swift-explorer/shared/bundle/ruby/2.1.0/gems/activerecord-4.2.0/lib/active_record/attribute_methods/dirty.rb:62:in `changed_attributes'
/home/web/swift-explorer/shared/bundle/ruby/2.1.0/gems/activemodel-4.2.0/lib/active_model/dirty.rb:173:in `attribute_changed?'
/home/web/swift-explorer/shared/bundle/ruby/2.1.0/gems/activerecord-4.2.0/lib/active_record/attribute_methods/dirty.rb:115:in `old_attribute_value'
/home/web/swift-explorer/shared/bundle/ruby/2.1.0/gems/activerecord-4.2.0/lib/active_record/attribute_methods/dirty.rb:90:in `write_attribute'
/home/web/swift-explorer/shared/bundle/ruby/2.1.0/gems/activerecord-4.2.0/lib/active_record/transactions.rb:393:in `restore_transaction_record_state'
/home/web/swift-explorer/shared/bundle/ruby/2.1.0/gems/activerecord-4.2.0/lib/active_record/transactions.rb:324:in `rolledback!'
/home/web/swift-explorer/shared/bundle/ruby/2.1.0/gems/activerecord-4.2.0/lib/active_record/connection_adapters/abstract/transaction.rb:73:in `rollback_records'
/home/web/swift-explorer/shared/bundle/ruby/2.1.0/gems/activerecord-4.2.0/lib/active_record/connection_adapters/abstract/transaction.rb:151:in `rollback'
/home/web/swift-explorer/shared/bundle/ruby/2.1.0/gems/activerecord-4.2.0/lib/active_record/connection_adapters/abstract/transaction.rb:183:in `rollback_transaction'
/home/web/swift-explorer/shared/bundle/ruby/2.1.0/gems/activerecord-4.2.0/lib/active_record/connection_adapters/abstract/transaction.rb:190:in `rescue in within_new_transaction'
/home/web/swift-explorer/shared/bundle/ruby/2.1.0/gems/activerecord-4.2.0/lib/active_record/connection_adapters/abstract/transaction.rb:205:in `within_new_transaction'
/home/web/swift-explorer/shared/bundle/ruby/2.1.0/gems/activerecord-4.2.0/lib/active_record/connection_adapters/abstract/database_statements.rb:213:in `transaction'
/home/web/swift-explorer/shared/bundle/ruby/2.1.0/gems/activerecord-4.2.0/lib/active_record/transactions.rb:220:in `transaction'
/home/web/swift-explorer/shared/bundle/ruby/2.1.0/gems/activerecord-4.2.0/lib/active_record/transactions.rb:344:in `with_transaction_returning_status'
/home/web/swift-explorer/shared/bundle/ruby/2.1.0/gems/activerecord-4.2.0/lib/active_record/transactions.rb:291:in `save!'
/home/web/swift-explorer/releases/20150608064804/app/models/folder.rb:34:in `rebuild_folders!'
/home/web/swift-explorer/releases/20150608064804/app/workers/file_processor_worker.rb:14:in `perform'
/home/web/swift-explorer/shared/bundle/ruby/2.1.0/gems/sidekiq-3.3.0/lib/sidekiq/processor.rb:75:in `execute_job'
/home/web/swift-explorer/shared/bundle/ruby/2.1.0/gems/sidekiq-3.3.0/lib/sidekiq/processor.rb:52:in `block (2 levels) in process'
/home/web/swift-explorer/shared/bundle/ruby/2.1.0/gems/sidekiq-3.3.0/lib/sidekiq/middleware/chain.rb:127:in `call'
/home/web/swift-explorer/shared/bundle/ruby/2.1.0/gems/sidekiq-3.3.0/lib/sidekiq/middleware/chain.rb:127:in `block in invoke'
/home/web/swift-explorer/shared/bundle/ruby/2.1.0/gems/sidekiq-3.3.0/lib/sidekiq/middleware/server/active_record.rb:6:in `call'
/home/web/swift-explorer/shared/bundle/ruby/2.1.0/gems/sidekiq-3.3.0/lib/sidekiq/middleware/chain.rb:129:in `block in invoke'
/home/web/swift-explorer/shared/bundle/ruby/2.1.0/gems/sidekiq-3.3.0/lib/sidekiq/middleware/server/retry_jobs.rb:74:in `call'
/home/web/swift-explorer/shared/bundle/ruby/2.1.0/gems/sidekiq-3.3.0/lib/sidekiq/middleware/chain.rb:129:in `block in invoke'
/home/web/swift-explorer/shared/bundle/ruby/2.1.0/gems/sidekiq-3.3.0/lib/sidekiq/middleware/server/logging.rb:11:in `block in call'
/home/web/swift-explorer/shared/bundle/ruby/2.1.0/gems/sidekiq-3.3.0/lib/sidekiq/logging.rb:22:in `with_context'
/home/web/swift-explorer/shared/bundle/ruby/2.1.0/gems/sidekiq-3.3.0/lib/sidekiq/middleware/server/logging.rb:7:in `call'
/home/web/swift-explorer/shared/bundle/ruby/2.1.0/gems/sidekiq-3.3.0/lib/sidekiq/middleware/chain.rb:129:in `block in invoke'
/home/web/swift-explorer/shared/bundle/ruby/2.1.0/gems/sidekiq-3.3.0/lib/sidekiq/middleware/chain.rb:132:in `call'
/home/web/swift-explorer/shared/bundle/ruby/2.1.0/gems/sidekiq-3.3.0/lib/sidekiq/middleware/chain.rb:132:in `invoke'
/home/web/swift-explorer/shared/bundle/ruby/2.1.0/gems/sidekiq-3.3.0/lib/sidekiq/processor.rb:51:in `block in process'
/home/web/swift-explorer/shared/bundle/ruby/2.1.0/gems/sidekiq-3.3.0/lib/sidekiq/processor.rb:98:in `stats'
/home/web/swift-explorer/shared/bundle/ruby/2.1.0/gems/sidekiq-3.3.0/lib/sidekiq/processor.rb:50:in `process'
/home/web/swift-explorer/shared/bundle/ruby/2.1.0/gems/celluloid-0.16.0/lib/celluloid/calls.rb:26:in `public_send'
/home/web/swift-explorer/shared/bundle/ruby/2.1.0/gems/celluloid-0.16.0/lib/celluloid/calls.rb:26:in `dispatch'
/home/web/swift-explorer/shared/bundle/ruby/2.1.0/gems/celluloid-0.16.0/lib/celluloid/calls.rb:122:in `dispatch'
/home/web/swift-explorer/shared/bundle/ruby/2.1.0/gems/celluloid-0.16.0/lib/celluloid/cell.rb:60:in `block in invoke'
/home/web/swift-explorer/shared/bundle/ruby/2.1.0/gems/celluloid-0.16.0/lib/celluloid/cell.rb:71:in `block in task'
/home/web/swift-explorer/shared/bundle/ruby/2.1.0/gems/celluloid-0.16.0/lib/celluloid/actor.rb:357:in `block in task'
/home/web/swift-explorer/shared/bundle/ruby/2.1.0/gems/celluloid-0.16.0/lib/celluloid/tasks.rb:57:in `block in initialize'
/home/web/swift-explorer/shared/bundle/ruby/2.1.0/gems/celluloid-0.16.0/lib/celluloid/tasks/task_fiber.rb:15:in `block in create'
2015-06-24T08:20:42.019Z 25553 TID-osy0taly0 FileProcessorWorker JID-20882e20b446f050abf697d3 INFO: start
2015-06-24T08:20:44.328Z 25553 TID-osy0taly0 FileProcessorWorker JID-20882e20b446f050abf697d3 INFO: fail: 2.309 sec
2015-06-24T08:20:44.330Z 25553 TID-osy0taly0 WARN: {"retry"=>true, "queue"=>"upload", "class"=>"FileProcessorWorker", "args"=>["CMA-PruneNourry", "TESTRAF", "DSCF2445.raf"], "jid"=>"20882e20b446f050abf697d3", "enqueued_at"=>1435042708.7096088, "error_message"=>"Validation failed: Remote file Failed to manipulate with MiniMagick, maybe it is not an image? Original Error: `identify /tmp/mini_magick20150624-25553-1jt2vr5.raf` failed with error:\nidentify.im6: delegate failed `\"ufraw-batch\" --silent --create-id=also --out-type=png --out-depth=16 \"--output=%u.png\" \"%i\"' @ error/delegate.c/InvokeDelegate/1065.\nidentify.im6: unable to open image `/tmp/magick-aRqEeVRs.ppm': No such file or directory @ error/blob.c/OpenBlob/2638.\n", "error_class"=>"ActiveRecord::RecordInvalid", "failed_at"=>1435042712.2545846, "retry_count"=>14, "retried_at"=>1435134044.3274088}
2015-06-24T08:20:44.330Z 25553 TID-osy0taly0 WARN: Validation failed: Remote file Failed to manipulate with MiniMagick, maybe it is not an image? Original Error: `identify /tmp/mini_magick20150624-25553-1jt2vr5.raf` failed with error:
identify.im6: delegate failed `"ufraw-batch" --silent --create-id=also --out-type=png --out-depth=16 "--output=%u.png" "%i"' @ error/delegate.c/InvokeDelegate/1065.
identify.im6: unable to open image `/tmp/magick-aRqEeVRs.ppm': No such file or directory @ error/blob.c/OpenBlob/2638.

2015-06-24T08:20:44.330Z 25553 TID-osy0taly0 WARN: /home/web/swift-explorer/shared/bundle/ruby/2.1.0/gems/activerecord-4.2.0/lib/active_record/validations.rb:79:in `raise_record_invalid'
/home/web/swift-explorer/shared/bundle/ruby/2.1.0/gems/activerecord-4.2.0/lib/active_record/validations.rb:43:in `save!'
/home/web/swift-explorer/shared/bundle/ruby/2.1.0/gems/activerecord-4.2.0/lib/active_record/attribute_methods/dirty.rb:29:in `save!'
/home/web/swift-explorer/shared/bundle/ruby/2.1.0/gems/activerecord-4.2.0/lib/active_record/transactions.rb:291:in `block in save!'
/home/web/swift-explorer/shared/bundle/ruby/2.1.0/gems/activerecord-4.2.0/lib/active_record/transactions.rb:347:in `block in with_transaction_returning_status'
/home/web/swift-explorer/shared/bundle/ruby/2.1.0/gems/activerecord-4.2.0/lib/active_record/connection_adapters/abstract/database_statements.rb:213:in `block in transaction'
/home/web/swift-explorer/shared/bundle/ruby/2.1.0/gems/activerecord-4.2.0/lib/active_record/connection_adapters/abstract/transaction.rb:188:in `within_new_transaction'
/home/web/swift-explorer/shared/bundle/ruby/2.1.0/gems/activerecord-4.2.0/lib/active_record/connection_adapters/abstract/database_statements.rb:213:in `transaction'
/home/web/swift-explorer/shared/bundle/ruby/2.1.0/gems/activerecord-4.2.0/lib/active_record/transactions.rb:220:in `transaction'
/home/web/swift-explorer/shared/bundle/ruby/2.1.0/gems/activerecord-4.2.0/lib/active_record/transactions.rb:344:in `with_transaction_returning_status'
/home/web/swift-explorer/shared/bundle/ruby/2.1.0/gems/activerecord-4.2.0/lib/active_record/transactions.rb:291:in `save!'
/home/web/swift-explorer/releases/20150608064804/app/models/item.rb:182:in `from_remote_file!'
/home/web/swift-explorer/releases/20150608064804/app/workers/file_processor_worker.rb:20:in `perform'
/home/web/swift-explorer/shared/bundle/ruby/2.1.0/gems/sidekiq-3.3.0/lib/sidekiq/processor.rb:75:in `execute_job'
/home/web/swift-explorer/shared/bundle/ruby/2.1.0/gems/sidekiq-3.3.0/lib/sidekiq/processor.rb:52:in `block (2 levels) in process'
/home/web/swift-explorer/shared/bundle/ruby/2.1.0/gems/sidekiq-3.3.0/lib/sidekiq/middleware/chain.rb:127:in `call'
/home/web/swift-explorer/shared/bundle/ruby/2.1.0/gems/sidekiq-3.3.0/lib/sidekiq/middleware/chain.rb:127:in `block in invoke'
/home/web/swift-explorer/shared/bundle/ruby/2.1.0/gems/sidekiq-3.3.0/lib/sidekiq/middleware/server/active_record.rb:6:in `call'
/home/web/swift-explorer/shared/bundle/ruby/2.1.0/gems/sidekiq-3.3.0/lib/sidekiq/middleware/chain.rb:129:in `block in invoke'
/home/web/swift-explorer/shared/bundle/ruby/2.1.0/gems/sidekiq-3.3.0/lib/sidekiq/middleware/server/retry_jobs.rb:74:in `call'
/home/web/swift-explorer/shared/bundle/ruby/2.1.0/gems/sidekiq-3.3.0/lib/sidekiq/middleware/chain.rb:129:in `block in invoke'
/home/web/swift-explorer/shared/bundle/ruby/2.1.0/gems/sidekiq-3.3.0/lib/sidekiq/middleware/server/logging.rb:11:in `block in call'
/home/web/swift-explorer/shared/bundle/ruby/2.1.0/gems/sidekiq-3.3.0/lib/sidekiq/logging.rb:22:in `with_context'
/home/web/swift-explorer/shared/bundle/ruby/2.1.0/gems/sidekiq-3.3.0/lib/sidekiq/middleware/server/logging.rb:7:in `call'
/home/web/swift-explorer/shared/bundle/ruby/2.1.0/gems/sidekiq-3.3.0/lib/sidekiq/middleware/chain.rb:129:in `block in invoke'
/home/web/swift-explorer/shared/bundle/ruby/2.1.0/gems/sidekiq-3.3.0/lib/sidekiq/middleware/chain.rb:132:in `call'
/home/web/swift-explorer/shared/bundle/ruby/2.1.0/gems/sidekiq-3.3.0/lib/sidekiq/middleware/chain.rb:132:in `invoke'
/home/web/swift-explorer/shared/bundle/ruby/2.1.0/gems/sidekiq-3.3.0/lib/sidekiq/processor.rb:51:in `block in process'
/home/web/swift-explorer/shared/bundle/ruby/2.1.0/gems/sidekiq-3.3.0/lib/sidekiq/processor.rb:98:in `stats'
/home/web/swift-explorer/shared/bundle/ruby/2.1.0/gems/sidekiq-3.3.0/lib/sidekiq/processor.rb:50:in `process'
/home/web/swift-explorer/shared/bundle/ruby/2.1.0/gems/celluloid-0.16.0/lib/celluloid/calls.rb:26:in `public_send'
/home/web/swift-explorer/shared/bundle/ruby/2.1.0/gems/celluloid-0.16.0/lib/celluloid/calls.rb:26:in `dispatch'
/home/web/swift-explorer/shared/bundle/ruby/2.1.0/gems/celluloid-0.16.0/lib/celluloid/calls.rb:122:in `dispatch'
/home/web/swift-explorer/shared/bundle/ruby/2.1.0/gems/celluloid-0.16.0/lib/celluloid/cell.rb:60:in `block in invoke'
/home/web/swift-explorer/shared/bundle/ruby/2.1.0/gems/celluloid-0.16.0/lib/celluloid/cell.rb:71:in `block in task'
/home/web/swift-explorer/shared/bundle/ruby/2.1.0/gems/celluloid-0.16.0/lib/celluloid/actor.rb:357:in `block in task'
/home/web/swift-explorer/shared/bundle/ruby/2.1.0/gems/celluloid-0.16.0/lib/celluloid/tasks.rb:57:in `block in initialize'
/home/web/swift-explorer/shared/bundle/ruby/2.1.0/gems/celluloid-0.16.0/lib/celluloid/tasks/task_fiber.rb:15:in `block in create'
2015-06-24T08:21:21.032Z 25553 TID-osy0taly0 FileProcessorWorker JID-bf59dc56688f7354478f4c6d INFO: start
2015-06-24T08:21:23.459Z 25553 TID-osy0taly0 FileProcessorWorker JID-bf59dc56688f7354478f4c6d INFO: fail: 2.427 sec
2015-06-24T08:21:23.462Z 25553 TID-osy0taly0 WARN: {"retry"=>true, "queue"=>"upload", "class"=>"FileProcessorWorker", "args"=>["CMA-PruneNourry", "TESTRAF", "DSCF2445.raf"], "jid"=>"bf59dc56688f7354478f4c6d", "enqueued_at"=>1435042849.1796796, "error_message"=>"Validation failed: Remote file Failed to manipulate with MiniMagick, maybe it is not an image? Original Error: `identify /tmp/mini_magick20150624-25553-1ryut4t.raf` failed with error:\nidentify.im6: delegate failed `\"ufraw-batch\" --silent --create-id=also --out-type=png --out-depth=16 \"--output=%u.png\" \"%i\"' @ error/delegate.c/InvokeDelegate/1065.\nidentify.im6: unable to open image `/tmp/magick-QxvnFWqg.ppm': No such file or directory @ error/blob.c/OpenBlob/2638.\n", "error_class"=>"ActiveRecord::RecordInvalid", "failed_at"=>1435042852.5783463, "retry_count"=>14, "retried_at"=>1435134083.4586654}
2015-06-24T08:21:23.462Z 25553 TID-osy0taly0 WARN: Validation failed: Remote file Failed to manipulate with MiniMagick, maybe it is not an image? Original Error: `identify /tmp/mini_magick20150624-25553-1ryut4t.raf` failed with error:
identify.im6: delegate failed `"ufraw-batch" --silent --create-id=also --out-type=png --out-depth=16 "--output=%u.png" "%i"' @ error/delegate.c/InvokeDelegate/1065.
identify.im6: unable to open image `/tmp/magick-QxvnFWqg.ppm': No such file or directory @ error/blob.c/OpenBlob/2638.

2015-06-24T08:21:23.462Z 25553 TID-osy0taly0 WARN: /home/web/swift-explorer/shared/bundle/ruby/2.1.0/gems/activerecord-4.2.0/lib/active_record/validations.rb:79:in `raise_record_invalid'
/home/web/swift-explorer/shared/bundle/ruby/2.1.0/gems/activerecord-4.2.0/lib/active_record/validations.rb:43:in `save!'
/home/web/swift-explorer/shared/bundle/ruby/2.1.0/gems/activerecord-4.2.0/lib/active_record/attribute_methods/dirty.rb:29:in `save!'
/home/web/swift-explorer/shared/bundle/ruby/2.1.0/gems/activerecord-4.2.0/lib/active_record/transactions.rb:291:in `block in save!'
/home/web/swift-explorer/shared/bundle/ruby/2.1.0/gems/activerecord-4.2.0/lib/active_record/transactions.rb:347:in `block in with_transaction_returning_status'
/home/web/swift-explorer/shared/bundle/ruby/2.1.0/gems/activerecord-4.2.0/lib/active_record/connection_adapters/abstract/database_statements.rb:213:in `block in transaction'
/home/web/swift-explorer/shared/bundle/ruby/2.1.0/gems/activerecord-4.2.0/lib/active_record/connection_adapters/abstract/transaction.rb:188:in `within_new_transaction'
/home/web/swift-explorer/shared/bundle/ruby/2.1.0/gems/activerecord-4.2.0/lib/active_record/connection_adapters/abstract/database_statements.rb:213:in `transaction'
/home/web/swift-explorer/shared/bundle/ruby/2.1.0/gems/activerecord-4.2.0/lib/active_record/transactions.rb:220:in `transaction'
/home/web/swift-explorer/shared/bundle/ruby/2.1.0/gems/activerecord-4.2.0/lib/active_record/transactions.rb:344:in `with_transaction_returning_status'
/home/web/swift-explorer/shared/bundle/ruby/2.1.0/gems/activerecord-4.2.0/lib/active_record/transactions.rb:291:in `save!'
/home/web/swift-explorer/releases/20150608064804/app/models/item.rb:182:in `from_remote_file!'
/home/web/swift-explorer/releases/20150608064804/app/workers/file_processor_worker.rb:20:in `perform'
/home/web/swift-explorer/shared/bundle/ruby/2.1.0/gems/sidekiq-3.3.0/lib/sidekiq/processor.rb:75:in `execute_job'
/home/web/swift-explorer/shared/bundle/ruby/2.1.0/gems/sidekiq-3.3.0/lib/sidekiq/processor.rb:52:in `block (2 levels) in process'
/home/web/swift-explorer/shared/bundle/ruby/2.1.0/gems/sidekiq-3.3.0/lib/sidekiq/middleware/chain.rb:127:in `call'
/home/web/swift-explorer/shared/bundle/ruby/2.1.0/gems/sidekiq-3.3.0/lib/sidekiq/middleware/chain.rb:127:in `block in invoke'
/home/web/swift-explorer/shared/bundle/ruby/2.1.0/gems/sidekiq-3.3.0/lib/sidekiq/middleware/server/active_record.rb:6:in `call'
/home/web/swift-explorer/shared/bundle/ruby/2.1.0/gems/sidekiq-3.3.0/lib/sidekiq/middleware/chain.rb:129:in `block in invoke'
/home/web/swift-explorer/shared/bundle/ruby/2.1.0/gems/sidekiq-3.3.0/lib/sidekiq/middleware/server/retry_jobs.rb:74:in `call'
/home/web/swift-explorer/shared/bundle/ruby/2.1.0/gems/sidekiq-3.3.0/lib/sidekiq/middleware/chain.rb:129:in `block in invoke'
/home/web/swift-explorer/shared/bundle/ruby/2.1.0/gems/sidekiq-3.3.0/lib/sidekiq/middleware/server/logging.rb:11:in `block in call'
/home/web/swift-explorer/shared/bundle/ruby/2.1.0/gems/sidekiq-3.3.0/lib/sidekiq/logging.rb:22:in `with_context'
/home/web/swift-explorer/shared/bundle/ruby/2.1.0/gems/sidekiq-3.3.0/lib/sidekiq/middleware/server/logging.rb:7:in `call'
/home/web/swift-explorer/shared/bundle/ruby/2.1.0/gems/sidekiq-3.3.0/lib/sidekiq/middleware/chain.rb:129:in `block in invoke'
/home/web/swift-explorer/shared/bundle/ruby/2.1.0/gems/sidekiq-3.3.0/lib/sidekiq/middleware/chain.rb:132:in `call'
/home/web/swift-explorer/shared/bundle/ruby/2.1.0/gems/sidekiq-3.3.0/lib/sidekiq/middleware/chain.rb:132:in `invoke'
/home/web/swift-explorer/shared/bundle/ruby/2.1.0/gems/sidekiq-3.3.0/lib/sidekiq/processor.rb:51:in `block in process'
/home/web/swift-explorer/shared/bundle/ruby/2.1.0/gems/sidekiq-3.3.0/lib/sidekiq/processor.rb:98:in `stats'
/home/web/swift-explorer/shared/bundle/ruby/2.1.0/gems/sidekiq-3.3.0/lib/sidekiq/processor.rb:50:in `process'
/home/web/swift-explorer/shared/bundle/ruby/2.1.0/gems/celluloid-0.16.0/lib/celluloid/calls.rb:26:in `public_send'
/home/web/swift-explorer/shared/bundle/ruby/2.1.0/gems/celluloid-0.16.0/lib/celluloid/calls.rb:26:in `dispatch'
/home/web/swift-explorer/shared/bundle/ruby/2.1.0/gems/celluloid-0.16.0/lib/celluloid/calls.rb:122:in `dispatch'
/home/web/swift-explorer/shared/bundle/ruby/2.1.0/gems/celluloid-0.16.0/lib/celluloid/cell.rb:60:in `block in invoke'
/home/web/swift-explorer/shared/bundle/ruby/2.1.0/gems/celluloid-0.16.0/lib/celluloid/cell.rb:71:in `block in task'
/home/web/swift-explorer/shared/bundle/ruby/2.1.0/gems/celluloid-0.16.0/lib/celluloid/actor.rb:357:in `block in task'
/home/web/swift-explorer/shared/bundle/ruby/2.1.0/gems/celluloid-0.16.0/lib/celluloid/tasks.rb:57:in `block in initialize'
/home/web/swift-explorer/shared/bundle/ruby/2.1.0/gems/celluloid-0.16.0/lib/celluloid/tasks/task_fiber.rb:15:in `block in create'
2015-06-24T13:40:58.784Z 25553 TID-osy0taly0 FileProcessorWorker JID-a630d01ebcdbc90113111e0b INFO: start
2015-06-24T13:40:59.729Z 25553 TID-osy0taly0 FileProcessorWorker JID-a630d01ebcdbc90113111e0b INFO: fail: 0.945 sec
2015-06-24T13:40:59.731Z 25553 TID-osy0taly0 WARN: {"retry"=>true, "queue"=>"upload", "class"=>"FileProcessorWorker", "args"=>["CMA-JR", "28MM_PORTRAIT_D'UNE_GENERATION_2004", "E_SELECTION"], "jid"=>"a630d01ebcdbc90113111e0b", "enqueued_at"=>1434993246.91739, "error_message"=>"5551142554 is out of range for ActiveRecord::Type::UnsignedInteger with limit 4", "error_class"=>"RangeError", "failed_at"=>1435021459.82026, "retry_count"=>15, "retried_at"=>1435153259.7281556}
2015-06-24T13:40:59.731Z 25553 TID-osy0taly0 WARN: 5551142554 is out of range for ActiveRecord::Type::UnsignedInteger with limit 4
2015-06-24T13:40:59.731Z 25553 TID-osy0taly0 WARN: /home/web/swift-explorer/shared/bundle/ruby/2.1.0/gems/activerecord-4.2.0/lib/active_record/type/integer.rb:41:in `ensure_in_range'
/home/web/swift-explorer/shared/bundle/ruby/2.1.0/gems/activerecord-4.2.0/lib/active_record/type/integer.rb:34:in `cast_value'
/home/web/swift-explorer/shared/bundle/ruby/2.1.0/gems/activerecord-4.2.0/lib/active_record/type/value.rb:89:in `type_cast'
/home/web/swift-explorer/shared/bundle/ruby/2.1.0/gems/activerecord-4.2.0/lib/active_record/type/numeric.rb:15:in `type_cast'
/home/web/swift-explorer/shared/bundle/ruby/2.1.0/gems/activerecord-4.2.0/lib/active_record/type/value.rb:34:in `type_cast_from_user'
/home/web/swift-explorer/shared/bundle/ruby/2.1.0/gems/activerecord-4.2.0/lib/active_record/attribute.rb:100:in `type_cast'
/home/web/swift-explorer/shared/bundle/ruby/2.1.0/gems/activerecord-4.2.0/lib/active_record/attribute.rb:42:in `original_value'
/home/web/swift-explorer/shared/bundle/ruby/2.1.0/gems/activerecord-4.2.0/lib/active_record/attribute.rb:37:in `value'
/home/web/swift-explorer/shared/bundle/ruby/2.1.0/gems/activerecord-4.2.0/lib/active_record/attribute.rb:54:in `changed_in_place_from?'
/home/web/swift-explorer/shared/bundle/ruby/2.1.0/gems/activerecord-4.2.0/lib/active_record/attribute_methods/dirty.rb:74:in `attribute_changed_in_place?'
/home/web/swift-explorer/shared/bundle/ruby/2.1.0/gems/activerecord-4.2.0/lib/active_record/attribute_methods/dirty.rb:149:in `block in changed_in_place'
/home/web/swift-explorer/shared/bundle/ruby/2.1.0/gems/activerecord-4.2.0/lib/active_record/attribute_methods/dirty.rb:148:in `select'
/home/web/swift-explorer/shared/bundle/ruby/2.1.0/gems/activerecord-4.2.0/lib/active_record/attribute_methods/dirty.rb:148:in `changed_in_place'
/home/web/swift-explorer/shared/bundle/ruby/2.1.0/gems/activerecord-4.2.0/lib/active_record/attribute_methods/dirty.rb:141:in `attributes_changed_in_place'
/home/web/swift-explorer/shared/bundle/ruby/2.1.0/gems/activerecord-4.2.0/lib/active_record/attribute_methods/dirty.rb:62:in `changed_attributes'
/home/web/swift-explorer/shared/bundle/ruby/2.1.0/gems/activemodel-4.2.0/lib/active_model/dirty.rb:173:in `attribute_changed?'
/home/web/swift-explorer/shared/bundle/ruby/2.1.0/gems/activerecord-4.2.0/lib/active_record/attribute_methods/dirty.rb:115:in `old_attribute_value'
/home/web/swift-explorer/shared/bundle/ruby/2.1.0/gems/activerecord-4.2.0/lib/active_record/attribute_methods/dirty.rb:90:in `write_attribute'
/home/web/swift-explorer/shared/bundle/ruby/2.1.0/gems/activerecord-4.2.0/lib/active_record/transactions.rb:393:in `restore_transaction_record_state'
/home/web/swift-explorer/shared/bundle/ruby/2.1.0/gems/activerecord-4.2.0/lib/active_record/transactions.rb:324:in `rolledback!'
/home/web/swift-explorer/shared/bundle/ruby/2.1.0/gems/activerecord-4.2.0/lib/active_record/connection_adapters/abstract/transaction.rb:73:in `rollback_records'
/home/web/swift-explorer/shared/bundle/ruby/2.1.0/gems/activerecord-4.2.0/lib/active_record/connection_adapters/abstract/transaction.rb:151:in `rollback'
/home/web/swift-explorer/shared/bundle/ruby/2.1.0/gems/activerecord-4.2.0/lib/active_record/connection_adapters/abstract/transaction.rb:183:in `rollback_transaction'
/home/web/swift-explorer/shared/bundle/ruby/2.1.0/gems/activerecord-4.2.0/lib/active_record/connection_adapters/abstract/transaction.rb:190:in `rescue in within_new_transaction'
/home/web/swift-explorer/shared/bundle/ruby/2.1.0/gems/activerecord-4.2.0/lib/active_record/connection_adapters/abstract/transaction.rb:205:in `within_new_transaction'
/home/web/swift-explorer/shared/bundle/ruby/2.1.0/gems/activerecord-4.2.0/lib/active_record/connection_adapters/abstract/database_statements.rb:213:in `transaction'
/home/web/swift-explorer/shared/bundle/ruby/2.1.0/gems/activerecord-4.2.0/lib/active_record/transactions.rb:220:in `transaction'
/home/web/swift-explorer/shared/bundle/ruby/2.1.0/gems/activerecord-4.2.0/lib/active_record/transactions.rb:344:in `with_transaction_returning_status'
/home/web/swift-explorer/shared/bundle/ruby/2.1.0/gems/activerecord-4.2.0/lib/active_record/transactions.rb:291:in `save!'
/home/web/swift-explorer/releases/20150608064804/app/models/folder.rb:34:in `rebuild_folders!'
/home/web/swift-explorer/releases/20150608064804/app/workers/file_processor_worker.rb:14:in `perform'
/home/web/swift-explorer/shared/bundle/ruby/2.1.0/gems/sidekiq-3.3.0/lib/sidekiq/processor.rb:75:in `execute_job'
/home/web/swift-explorer/shared/bundle/ruby/2.1.0/gems/sidekiq-3.3.0/lib/sidekiq/processor.rb:52:in `block (2 levels) in process'
/home/web/swift-explorer/shared/bundle/ruby/2.1.0/gems/sidekiq-3.3.0/lib/sidekiq/middleware/chain.rb:127:in `call'
/home/web/swift-explorer/shared/bundle/ruby/2.1.0/gems/sidekiq-3.3.0/lib/sidekiq/middleware/chain.rb:127:in `block in invoke'
/home/web/swift-explorer/shared/bundle/ruby/2.1.0/gems/sidekiq-3.3.0/lib/sidekiq/middleware/server/active_record.rb:6:in `call'
/home/web/swift-explorer/shared/bundle/ruby/2.1.0/gems/sidekiq-3.3.0/lib/sidekiq/middleware/chain.rb:129:in `block in invoke'
/home/web/swift-explorer/shared/bundle/ruby/2.1.0/gems/sidekiq-3.3.0/lib/sidekiq/middleware/server/retry_jobs.rb:74:in `call'
/home/web/swift-explorer/shared/bundle/ruby/2.1.0/gems/sidekiq-3.3.0/lib/sidekiq/middleware/chain.rb:129:in `block in invoke'
/home/web/swift-explorer/shared/bundle/ruby/2.1.0/gems/sidekiq-3.3.0/lib/sidekiq/middleware/server/logging.rb:11:in `block in call'
/home/web/swift-explorer/shared/bundle/ruby/2.1.0/gems/sidekiq-3.3.0/lib/sidekiq/logging.rb:22:in `with_context'
/home/web/swift-explorer/shared/bundle/ruby/2.1.0/gems/sidekiq-3.3.0/lib/sidekiq/middleware/server/logging.rb:7:in `call'
/home/web/swift-explorer/shared/bundle/ruby/2.1.0/gems/sidekiq-3.3.0/lib/sidekiq/middleware/chain.rb:129:in `block in invoke'
/home/web/swift-explorer/shared/bundle/ruby/2.1.0/gems/sidekiq-3.3.0/lib/sidekiq/middleware/chain.rb:132:in `call'
/home/web/swift-explorer/shared/bundle/ruby/2.1.0/gems/sidekiq-3.3.0/lib/sidekiq/middleware/chain.rb:132:in `invoke'
/home/web/swift-explorer/shared/bundle/ruby/2.1.0/gems/sidekiq-3.3.0/lib/sidekiq/processor.rb:51:in `block in process'
/home/web/swift-explorer/shared/bundle/ruby/2.1.0/gems/sidekiq-3.3.0/lib/sidekiq/processor.rb:98:in `stats'
/home/web/swift-explorer/shared/bundle/ruby/2.1.0/gems/sidekiq-3.3.0/lib/sidekiq/processor.rb:50:in `process'
/home/web/swift-explorer/shared/bundle/ruby/2.1.0/gems/celluloid-0.16.0/lib/celluloid/calls.rb:26:in `public_send'
/home/web/swift-explorer/shared/bundle/ruby/2.1.0/gems/celluloid-0.16.0/lib/celluloid/calls.rb:26:in `dispatch'
/home/web/swift-explorer/shared/bundle/ruby/2.1.0/gems/celluloid-0.16.0/lib/celluloid/calls.rb:122:in `dispatch'
/home/web/swift-explorer/shared/bundle/ruby/2.1.0/gems/celluloid-0.16.0/lib/celluloid/cell.rb:60:in `block in invoke'
/home/web/swift-explorer/shared/bundle/ruby/2.1.0/gems/celluloid-0.16.0/lib/celluloid/cell.rb:71:in `block in task'
/home/web/swift-explorer/shared/bundle/ruby/2.1.0/gems/celluloid-0.16.0/lib/celluloid/actor.rb:357:in `block in task'
/home/web/swift-explorer/shared/bundle/ruby/2.1.0/gems/celluloid-0.16.0/lib/celluloid/tasks.rb:57:in `block in initialize'
/home/web/swift-explorer/shared/bundle/ruby/2.1.0/gems/celluloid-0.16.0/lib/celluloid/tasks/task_fiber.rb:15:in `block in create'
2015-06-24T18:50:27.404Z 25553 TID-osy0taly0 FileProcessorWorker JID-74f161c19682ea5afaa530d1 INFO: start
2015-06-24T18:50:30.248Z 25553 TID-osy0taly0 FileProcessorWorker JID-74f161c19682ea5afaa530d1 INFO: fail: 2.844 sec
2015-06-24T18:50:30.250Z 25553 TID-osy0taly0 WARN: {"retry"=>true, "queue"=>"upload", "class"=>"FileProcessorWorker", "args"=>["CMA-PruneNourry", "TESTRAF", "DSCF2445.raf"], "jid"=>"74f161c19682ea5afaa530d1", "enqueued_at"=>1435042222.0858076, "error_message"=>"Validation failed: Remote file Failed to manipulate with MiniMagick, maybe it is not an image? Original Error: `identify /tmp/mini_magick20150624-25553-c2ebdi.raf` failed with error:\nidentify.im6: delegate failed `\"ufraw-batch\" --silent --create-id=also --out-type=png --out-depth=16 \"--output=%u.png\" \"%i\"' @ error/delegate.c/InvokeDelegate/1065.\nidentify.im6: unable to open image `/tmp/magick-NISu1yPU.ppm': No such file or directory @ error/blob.c/OpenBlob/2638.\n", "error_class"=>"ActiveRecord::RecordInvalid", "failed_at"=>1435042225.8985987, "retry_count"=>15, "retried_at"=>1435171830.247534}
2015-06-24T18:50:30.250Z 25553 TID-osy0taly0 WARN: Validation failed: Remote file Failed to manipulate with MiniMagick, maybe it is not an image? Original Error: `identify /tmp/mini_magick20150624-25553-c2ebdi.raf` failed with error:
identify.im6: delegate failed `"ufraw-batch" --silent --create-id=also --out-type=png --out-depth=16 "--output=%u.png" "%i"' @ error/delegate.c/InvokeDelegate/1065.
identify.im6: unable to open image `/tmp/magick-NISu1yPU.ppm': No such file or directory @ error/blob.c/OpenBlob/2638.

2015-06-24T18:50:30.250Z 25553 TID-osy0taly0 WARN: /home/web/swift-explorer/shared/bundle/ruby/2.1.0/gems/activerecord-4.2.0/lib/active_record/validations.rb:79:in `raise_record_invalid'
/home/web/swift-explorer/shared/bundle/ruby/2.1.0/gems/activerecord-4.2.0/lib/active_record/validations.rb:43:in `save!'
/home/web/swift-explorer/shared/bundle/ruby/2.1.0/gems/activerecord-4.2.0/lib/active_record/attribute_methods/dirty.rb:29:in `save!'
/home/web/swift-explorer/shared/bundle/ruby/2.1.0/gems/activerecord-4.2.0/lib/active_record/transactions.rb:291:in `block in save!'
/home/web/swift-explorer/shared/bundle/ruby/2.1.0/gems/activerecord-4.2.0/lib/active_record/transactions.rb:347:in `block in with_transaction_returning_status'
/home/web/swift-explorer/shared/bundle/ruby/2.1.0/gems/activerecord-4.2.0/lib/active_record/connection_adapters/abstract/database_statements.rb:213:in `block in transaction'
/home/web/swift-explorer/shared/bundle/ruby/2.1.0/gems/activerecord-4.2.0/lib/active_record/connection_adapters/abstract/transaction.rb:188:in `within_new_transaction'
/home/web/swift-explorer/shared/bundle/ruby/2.1.0/gems/activerecord-4.2.0/lib/active_record/connection_adapters/abstract/database_statements.rb:213:in `transaction'
/home/web/swift-explorer/shared/bundle/ruby/2.1.0/gems/activerecord-4.2.0/lib/active_record/transactions.rb:220:in `transaction'
/home/web/swift-explorer/shared/bundle/ruby/2.1.0/gems/activerecord-4.2.0/lib/active_record/transactions.rb:344:in `with_transaction_returning_status'
/home/web/swift-explorer/shared/bundle/ruby/2.1.0/gems/activerecord-4.2.0/lib/active_record/transactions.rb:291:in `save!'
/home/web/swift-explorer/releases/20150608064804/app/models/item.rb:182:in `from_remote_file!'
/home/web/swift-explorer/releases/20150608064804/app/workers/file_processor_worker.rb:20:in `perform'
/home/web/swift-explorer/shared/bundle/ruby/2.1.0/gems/sidekiq-3.3.0/lib/sidekiq/processor.rb:75:in `execute_job'
/home/web/swift-explorer/shared/bundle/ruby/2.1.0/gems/sidekiq-3.3.0/lib/sidekiq/processor.rb:52:in `block (2 levels) in process'
/home/web/swift-explorer/shared/bundle/ruby/2.1.0/gems/sidekiq-3.3.0/lib/sidekiq/middleware/chain.rb:127:in `call'
/home/web/swift-explorer/shared/bundle/ruby/2.1.0/gems/sidekiq-3.3.0/lib/sidekiq/middleware/chain.rb:127:in `block in invoke'
/home/web/swift-explorer/shared/bundle/ruby/2.1.0/gems/sidekiq-3.3.0/lib/sidekiq/middleware/server/active_record.rb:6:in `call'
/home/web/swift-explorer/shared/bundle/ruby/2.1.0/gems/sidekiq-3.3.0/lib/sidekiq/middleware/chain.rb:129:in `block in invoke'
/home/web/swift-explorer/shared/bundle/ruby/2.1.0/gems/sidekiq-3.3.0/lib/sidekiq/middleware/server/retry_jobs.rb:74:in `call'
/home/web/swift-explorer/shared/bundle/ruby/2.1.0/gems/sidekiq-3.3.0/lib/sidekiq/middleware/chain.rb:129:in `block in invoke'
/home/web/swift-explorer/shared/bundle/ruby/2.1.0/gems/sidekiq-3.3.0/lib/sidekiq/middleware/server/logging.rb:11:in `block in call'
/home/web/swift-explorer/shared/bundle/ruby/2.1.0/gems/sidekiq-3.3.0/lib/sidekiq/logging.rb:22:in `with_context'
/home/web/swift-explorer/shared/bundle/ruby/2.1.0/gems/sidekiq-3.3.0/lib/sidekiq/middleware/server/logging.rb:7:in `call'
/home/web/swift-explorer/shared/bundle/ruby/2.1.0/gems/sidekiq-3.3.0/lib/sidekiq/middleware/chain.rb:129:in `block in invoke'
/home/web/swift-explorer/shared/bundle/ruby/2.1.0/gems/sidekiq-3.3.0/lib/sidekiq/middleware/chain.rb:132:in `call'
/home/web/swift-explorer/shared/bundle/ruby/2.1.0/gems/sidekiq-3.3.0/lib/sidekiq/middleware/chain.rb:132:in `invoke'
/home/web/swift-explorer/shared/bundle/ruby/2.1.0/gems/sidekiq-3.3.0/lib/sidekiq/processor.rb:51:in `block in process'
/home/web/swift-explorer/shared/bundle/ruby/2.1.0/gems/sidekiq-3.3.0/lib/sidekiq/processor.rb:98:in `stats'
/home/web/swift-explorer/shared/bundle/ruby/2.1.0/gems/sidekiq-3.3.0/lib/sidekiq/processor.rb:50:in `process'
/home/web/swift-explorer/shared/bundle/ruby/2.1.0/gems/celluloid-0.16.0/lib/celluloid/calls.rb:26:in `public_send'
/home/web/swift-explorer/shared/bundle/ruby/2.1.0/gems/celluloid-0.16.0/lib/celluloid/calls.rb:26:in `dispatch'
/home/web/swift-explorer/shared/bundle/ruby/2.1.0/gems/celluloid-0.16.0/lib/celluloid/calls.rb:122:in `dispatch'
/home/web/swift-explorer/shared/bundle/ruby/2.1.0/gems/celluloid-0.16.0/lib/celluloid/cell.rb:60:in `block in invoke'
/home/web/swift-explorer/shared/bundle/ruby/2.1.0/gems/celluloid-0.16.0/lib/celluloid/cell.rb:71:in `block in task'
/home/web/swift-explorer/shared/bundle/ruby/2.1.0/gems/celluloid-0.16.0/lib/celluloid/actor.rb:357:in `block in task'
/home/web/swift-explorer/shared/bundle/ruby/2.1.0/gems/celluloid-0.16.0/lib/celluloid/tasks.rb:57:in `block in initialize'
/home/web/swift-explorer/shared/bundle/ruby/2.1.0/gems/celluloid-0.16.0/lib/celluloid/tasks/task_fiber.rb:15:in `block in create'
2015-06-24T19:05:47.718Z 25553 TID-osy0taly0 FileProcessorWorker JID-20882e20b446f050abf697d3 INFO: start
2015-06-24T19:05:50.123Z 25553 TID-osy0taly0 FileProcessorWorker JID-20882e20b446f050abf697d3 INFO: fail: 2.405 sec
2015-06-24T19:05:50.127Z 25553 TID-osy0taly0 WARN: {"retry"=>true, "queue"=>"upload", "class"=>"FileProcessorWorker", "args"=>["CMA-PruneNourry", "TESTRAF", "DSCF2445.raf"], "jid"=>"20882e20b446f050abf697d3", "enqueued_at"=>1435042708.7096088, "error_message"=>"Validation failed: Remote file Failed to manipulate with MiniMagick, maybe it is not an image? Original Error: `identify /tmp/mini_magick20150624-25553-d0rffe.raf` failed with error:\nidentify.im6: delegate failed `\"ufraw-batch\" --silent --create-id=also --out-type=png --out-depth=16 \"--output=%u.png\" \"%i\"' @ error/delegate.c/InvokeDelegate/1065.\nidentify.im6: unable to open image `/tmp/magick-d1OmNfDh.ppm': No such file or directory @ error/blob.c/OpenBlob/2638.\n", "error_class"=>"ActiveRecord::RecordInvalid", "failed_at"=>1435042712.2545846, "retry_count"=>15, "retried_at"=>1435172750.1229157}
2015-06-24T19:05:50.127Z 25553 TID-osy0taly0 WARN: Validation failed: Remote file Failed to manipulate with MiniMagick, maybe it is not an image? Original Error: `identify /tmp/mini_magick20150624-25553-d0rffe.raf` failed with error:
identify.im6: delegate failed `"ufraw-batch" --silent --create-id=also --out-type=png --out-depth=16 "--output=%u.png" "%i"' @ error/delegate.c/InvokeDelegate/1065.
identify.im6: unable to open image `/tmp/magick-d1OmNfDh.ppm': No such file or directory @ error/blob.c/OpenBlob/2638.

2015-06-24T19:05:50.127Z 25553 TID-osy0taly0 WARN: /home/web/swift-explorer/shared/bundle/ruby/2.1.0/gems/activerecord-4.2.0/lib/active_record/validations.rb:79:in `raise_record_invalid'
/home/web/swift-explorer/shared/bundle/ruby/2.1.0/gems/activerecord-4.2.0/lib/active_record/validations.rb:43:in `save!'
/home/web/swift-explorer/shared/bundle/ruby/2.1.0/gems/activerecord-4.2.0/lib/active_record/attribute_methods/dirty.rb:29:in `save!'
/home/web/swift-explorer/shared/bundle/ruby/2.1.0/gems/activerecord-4.2.0/lib/active_record/transactions.rb:291:in `block in save!'
/home/web/swift-explorer/shared/bundle/ruby/2.1.0/gems/activerecord-4.2.0/lib/active_record/transactions.rb:347:in `block in with_transaction_returning_status'
/home/web/swift-explorer/shared/bundle/ruby/2.1.0/gems/activerecord-4.2.0/lib/active_record/connection_adapters/abstract/database_statements.rb:213:in `block in transaction'
/home/web/swift-explorer/shared/bundle/ruby/2.1.0/gems/activerecord-4.2.0/lib/active_record/connection_adapters/abstract/transaction.rb:188:in `within_new_transaction'
/home/web/swift-explorer/shared/bundle/ruby/2.1.0/gems/activerecord-4.2.0/lib/active_record/connection_adapters/abstract/database_statements.rb:213:in `transaction'
/home/web/swift-explorer/shared/bundle/ruby/2.1.0/gems/activerecord-4.2.0/lib/active_record/transactions.rb:220:in `transaction'
/home/web/swift-explorer/shared/bundle/ruby/2.1.0/gems/activerecord-4.2.0/lib/active_record/transactions.rb:344:in `with_transaction_returning_status'
/home/web/swift-explorer/shared/bundle/ruby/2.1.0/gems/activerecord-4.2.0/lib/active_record/transactions.rb:291:in `save!'
/home/web/swift-explorer/releases/20150608064804/app/models/item.rb:182:in `from_remote_file!'
/home/web/swift-explorer/releases/20150608064804/app/workers/file_processor_worker.rb:20:in `perform'
/home/web/swift-explorer/shared/bundle/ruby/2.1.0/gems/sidekiq-3.3.0/lib/sidekiq/processor.rb:75:in `execute_job'
/home/web/swift-explorer/shared/bundle/ruby/2.1.0/gems/sidekiq-3.3.0/lib/sidekiq/processor.rb:52:in `block (2 levels) in process'
/home/web/swift-explorer/shared/bundle/ruby/2.1.0/gems/sidekiq-3.3.0/lib/sidekiq/middleware/chain.rb:127:in `call'
/home/web/swift-explorer/shared/bundle/ruby/2.1.0/gems/sidekiq-3.3.0/lib/sidekiq/middleware/chain.rb:127:in `block in invoke'
/home/web/swift-explorer/shared/bundle/ruby/2.1.0/gems/sidekiq-3.3.0/lib/sidekiq/middleware/server/active_record.rb:6:in `call'
/home/web/swift-explorer/shared/bundle/ruby/2.1.0/gems/sidekiq-3.3.0/lib/sidekiq/middleware/chain.rb:129:in `block in invoke'
/home/web/swift-explorer/shared/bundle/ruby/2.1.0/gems/sidekiq-3.3.0/lib/sidekiq/middleware/server/retry_jobs.rb:74:in `call'
/home/web/swift-explorer/shared/bundle/ruby/2.1.0/gems/sidekiq-3.3.0/lib/sidekiq/middleware/chain.rb:129:in `block in invoke'
/home/web/swift-explorer/shared/bundle/ruby/2.1.0/gems/sidekiq-3.3.0/lib/sidekiq/middleware/server/logging.rb:11:in `block in call'
/home/web/swift-explorer/shared/bundle/ruby/2.1.0/gems/sidekiq-3.3.0/lib/sidekiq/logging.rb:22:in `with_context'
/home/web/swift-explorer/shared/bundle/ruby/2.1.0/gems/sidekiq-3.3.0/lib/sidekiq/middleware/server/logging.rb:7:in `call'
/home/web/swift-explorer/shared/bundle/ruby/2.1.0/gems/sidekiq-3.3.0/lib/sidekiq/middleware/chain.rb:129:in `block in invoke'
/home/web/swift-explorer/shared/bundle/ruby/2.1.0/gems/sidekiq-3.3.0/lib/sidekiq/middleware/chain.rb:132:in `call'
/home/web/swift-explorer/shared/bundle/ruby/2.1.0/gems/sidekiq-3.3.0/lib/sidekiq/middleware/chain.rb:132:in `invoke'
/home/web/swift-explorer/shared/bundle/ruby/2.1.0/gems/sidekiq-3.3.0/lib/sidekiq/processor.rb:51:in `block in process'
/home/web/swift-explorer/shared/bundle/ruby/2.1.0/gems/sidekiq-3.3.0/lib/sidekiq/processor.rb:98:in `stats'
/home/web/swift-explorer/shared/bundle/ruby/2.1.0/gems/sidekiq-3.3.0/lib/sidekiq/processor.rb:50:in `process'
/home/web/swift-explorer/shared/bundle/ruby/2.1.0/gems/celluloid-0.16.0/lib/celluloid/calls.rb:26:in `public_send'
/home/web/swift-explorer/shared/bundle/ruby/2.1.0/gems/celluloid-0.16.0/lib/celluloid/calls.rb:26:in `dispatch'
/home/web/swift-explorer/shared/bundle/ruby/2.1.0/gems/celluloid-0.16.0/lib/celluloid/calls.rb:122:in `dispatch'
/home/web/swift-explorer/shared/bundle/ruby/2.1.0/gems/celluloid-0.16.0/lib/celluloid/cell.rb:60:in `block in invoke'
/home/web/swift-explorer/shared/bundle/ruby/2.1.0/gems/celluloid-0.16.0/lib/celluloid/cell.rb:71:in `block in task'
/home/web/swift-explorer/shared/bundle/ruby/2.1.0/gems/celluloid-0.16.0/lib/celluloid/actor.rb:357:in `block in task'
/home/web/swift-explorer/shared/bundle/ruby/2.1.0/gems/celluloid-0.16.0/lib/celluloid/tasks.rb:57:in `block in initialize'
/home/web/swift-explorer/shared/bundle/ruby/2.1.0/gems/celluloid-0.16.0/lib/celluloid/tasks/task_fiber.rb:15:in `block in create'
2015-06-24T19:06:12.107Z 25553 TID-osy0taly0 FileProcessorWorker JID-bf59dc56688f7354478f4c6d INFO: start
2015-06-24T19:06:14.855Z 25553 TID-osy0taly0 FileProcessorWorker JID-bf59dc56688f7354478f4c6d INFO: fail: 2.749 sec
2015-06-24T19:06:14.857Z 25553 TID-osy0taly0 WARN: {"retry"=>true, "queue"=>"upload", "class"=>"FileProcessorWorker", "args"=>["CMA-PruneNourry", "TESTRAF", "DSCF2445.raf"], "jid"=>"bf59dc56688f7354478f4c6d", "enqueued_at"=>1435042849.1796796, "error_message"=>"Validation failed: Remote file Failed to manipulate with MiniMagick, maybe it is not an image? Original Error: `identify /tmp/mini_magick20150624-25553-18vsuzc.raf` failed with error:\nidentify.im6: delegate failed `\"ufraw-batch\" --silent --create-id=also --out-type=png --out-depth=16 \"--output=%u.png\" \"%i\"' @ error/delegate.c/InvokeDelegate/1065.\nidentify.im6: unable to open image `/tmp/magick-BNk2ge4g.ppm': No such file or directory @ error/blob.c/OpenBlob/2638.\n", "error_class"=>"ActiveRecord::RecordInvalid", "failed_at"=>1435042852.5783463, "retry_count"=>15, "retried_at"=>1435172774.8550482}
2015-06-24T19:06:14.858Z 25553 TID-osy0taly0 WARN: Validation failed: Remote file Failed to manipulate with MiniMagick, maybe it is not an image? Original Error: `identify /tmp/mini_magick20150624-25553-18vsuzc.raf` failed with error:
identify.im6: delegate failed `"ufraw-batch" --silent --create-id=also --out-type=png --out-depth=16 "--output=%u.png" "%i"' @ error/delegate.c/InvokeDelegate/1065.
identify.im6: unable to open image `/tmp/magick-BNk2ge4g.ppm': No such file or directory @ error/blob.c/OpenBlob/2638.

2015-06-24T19:06:14.858Z 25553 TID-osy0taly0 WARN: /home/web/swift-explorer/shared/bundle/ruby/2.1.0/gems/activerecord-4.2.0/lib/active_record/validations.rb:79:in `raise_record_invalid'
/home/web/swift-explorer/shared/bundle/ruby/2.1.0/gems/activerecord-4.2.0/lib/active_record/validations.rb:43:in `save!'
/home/web/swift-explorer/shared/bundle/ruby/2.1.0/gems/activerecord-4.2.0/lib/active_record/attribute_methods/dirty.rb:29:in `save!'
/home/web/swift-explorer/shared/bundle/ruby/2.1.0/gems/activerecord-4.2.0/lib/active_record/transactions.rb:291:in `block in save!'
/home/web/swift-explorer/shared/bundle/ruby/2.1.0/gems/activerecord-4.2.0/lib/active_record/transactions.rb:347:in `block in with_transaction_returning_status'
/home/web/swift-explorer/shared/bundle/ruby/2.1.0/gems/activerecord-4.2.0/lib/active_record/connection_adapters/abstract/database_statements.rb:213:in `block in transaction'
/home/web/swift-explorer/shared/bundle/ruby/2.1.0/gems/activerecord-4.2.0/lib/active_record/connection_adapters/abstract/transaction.rb:188:in `within_new_transaction'
/home/web/swift-explorer/shared/bundle/ruby/2.1.0/gems/activerecord-4.2.0/lib/active_record/connection_adapters/abstract/database_statements.rb:213:in `transaction'
/home/web/swift-explorer/shared/bundle/ruby/2.1.0/gems/activerecord-4.2.0/lib/active_record/transactions.rb:220:in `transaction'
/home/web/swift-explorer/shared/bundle/ruby/2.1.0/gems/activerecord-4.2.0/lib/active_record/transactions.rb:344:in `with_transaction_returning_status'
/home/web/swift-explorer/shared/bundle/ruby/2.1.0/gems/activerecord-4.2.0/lib/active_record/transactions.rb:291:in `save!'
/home/web/swift-explorer/releases/20150608064804/app/models/item.rb:182:in `from_remote_file!'
/home/web/swift-explorer/releases/20150608064804/app/workers/file_processor_worker.rb:20:in `perform'
/home/web/swift-explorer/shared/bundle/ruby/2.1.0/gems/sidekiq-3.3.0/lib/sidekiq/processor.rb:75:in `execute_job'
/home/web/swift-explorer/shared/bundle/ruby/2.1.0/gems/sidekiq-3.3.0/lib/sidekiq/processor.rb:52:in `block (2 levels) in process'
/home/web/swift-explorer/shared/bundle/ruby/2.1.0/gems/sidekiq-3.3.0/lib/sidekiq/middleware/chain.rb:127:in `call'
/home/web/swift-explorer/shared/bundle/ruby/2.1.0/gems/sidekiq-3.3.0/lib/sidekiq/middleware/chain.rb:127:in `block in invoke'
/home/web/swift-explorer/shared/bundle/ruby/2.1.0/gems/sidekiq-3.3.0/lib/sidekiq/middleware/server/active_record.rb:6:in `call'
/home/web/swift-explorer/shared/bundle/ruby/2.1.0/gems/sidekiq-3.3.0/lib/sidekiq/middleware/chain.rb:129:in `block in invoke'
/home/web/swift-explorer/shared/bundle/ruby/2.1.0/gems/sidekiq-3.3.0/lib/sidekiq/middleware/server/retry_jobs.rb:74:in `call'
/home/web/swift-explorer/shared/bundle/ruby/2.1.0/gems/sidekiq-3.3.0/lib/sidekiq/middleware/chain.rb:129:in `block in invoke'
/home/web/swift-explorer/shared/bundle/ruby/2.1.0/gems/sidekiq-3.3.0/lib/sidekiq/middleware/server/logging.rb:11:in `block in call'
/home/web/swift-explorer/shared/bundle/ruby/2.1.0/gems/sidekiq-3.3.0/lib/sidekiq/logging.rb:22:in `with_context'
/home/web/swift-explorer/shared/bundle/ruby/2.1.0/gems/sidekiq-3.3.0/lib/sidekiq/middleware/server/logging.rb:7:in `call'
/home/web/swift-explorer/shared/bundle/ruby/2.1.0/gems/sidekiq-3.3.0/lib/sidekiq/middleware/chain.rb:129:in `block in invoke'
/home/web/swift-explorer/shared/bundle/ruby/2.1.0/gems/sidekiq-3.3.0/lib/sidekiq/middleware/chain.rb:132:in `call'
/home/web/swift-explorer/shared/bundle/ruby/2.1.0/gems/sidekiq-3.3.0/lib/sidekiq/middleware/chain.rb:132:in `invoke'
/home/web/swift-explorer/shared/bundle/ruby/2.1.0/gems/sidekiq-3.3.0/lib/sidekiq/processor.rb:51:in `block in process'
/home/web/swift-explorer/shared/bundle/ruby/2.1.0/gems/sidekiq-3.3.0/lib/sidekiq/processor.rb:98:in `stats'
/home/web/swift-explorer/shared/bundle/ruby/2.1.0/gems/sidekiq-3.3.0/lib/sidekiq/processor.rb:50:in `process'
/home/web/swift-explorer/shared/bundle/ruby/2.1.0/gems/celluloid-0.16.0/lib/celluloid/calls.rb:26:in `public_send'
/home/web/swift-explorer/shared/bundle/ruby/2.1.0/gems/celluloid-0.16.0/lib/celluloid/calls.rb:26:in `dispatch'
/home/web/swift-explorer/shared/bundle/ruby/2.1.0/gems/celluloid-0.16.0/lib/celluloid/calls.rb:122:in `dispatch'
/home/web/swift-explorer/shared/bundle/ruby/2.1.0/gems/celluloid-0.16.0/lib/celluloid/cell.rb:60:in `block in invoke'
/home/web/swift-explorer/shared/bundle/ruby/2.1.0/gems/celluloid-0.16.0/lib/celluloid/cell.rb:71:in `block in task'
/home/web/swift-explorer/shared/bundle/ruby/2.1.0/gems/celluloid-0.16.0/lib/celluloid/actor.rb:357:in `block in task'
/home/web/swift-explorer/shared/bundle/ruby/2.1.0/gems/celluloid-0.16.0/lib/celluloid/tasks.rb:57:in `block in initialize'
/home/web/swift-explorer/shared/bundle/ruby/2.1.0/gems/celluloid-0.16.0/lib/celluloid/tasks/task_fiber.rb:15:in `block in create'
2015-06-24T19:16:01.301Z 25553 TID-osy0taly0 FileProcessorWorker JID-d53dacaee6992212b0b0db7a INFO: start
2015-06-24T19:16:03.607Z 25553 TID-osy0taly0 FileProcessorWorker JID-d53dacaee6992212b0b0db7a INFO: fail: 2.306 sec
2015-06-24T19:16:03.610Z 25553 TID-osy0taly0 WARN: {"retry"=>true, "queue"=>"upload", "class"=>"FileProcessorWorker", "args"=>["CMA-Demo", "JR", "28 Millimètres, Portrait d'une Génération/Photo/2 collage/A: Fichier natif/163_6339_RT8.TIF"], "jid"=>"d53dacaee6992212b0b0db7a", "enqueued_at"=>1434558276.6350152, "error_message"=>"Validation failed: Remote file Failed to manipulate with MiniMagick, maybe it is not an image? Original Error: `identify /home/web/swift-explorer/releases/20150608064804/tmp/1435173363-25553-5458/163_6339_RT8.jpg` failed with error:\nidentify.im6: Empty input file `/home/web/swift-explorer/releases/20150608064804/tmp/1435173363-25553-5458/163_6339_RT8.jpg' @ error/jpeg.c/JPEGErrorHandler/316.\n", "error_class"=>"ActiveRecord::RecordInvalid", "failed_at"=>1434558285.8534706, "retry_count"=>20, "retried_at"=>1435173363.6066406}
2015-06-24T19:16:03.610Z 25553 TID-osy0taly0 WARN: Validation failed: Remote file Failed to manipulate with MiniMagick, maybe it is not an image? Original Error: `identify /home/web/swift-explorer/releases/20150608064804/tmp/1435173363-25553-5458/163_6339_RT8.jpg` failed with error:
identify.im6: Empty input file `/home/web/swift-explorer/releases/20150608064804/tmp/1435173363-25553-5458/163_6339_RT8.jpg' @ error/jpeg.c/JPEGErrorHandler/316.

2015-06-24T19:16:03.610Z 25553 TID-osy0taly0 WARN: /home/web/swift-explorer/shared/bundle/ruby/2.1.0/gems/activerecord-4.2.0/lib/active_record/validations.rb:79:in `raise_record_invalid'
/home/web/swift-explorer/shared/bundle/ruby/2.1.0/gems/activerecord-4.2.0/lib/active_record/validations.rb:43:in `save!'
/home/web/swift-explorer/shared/bundle/ruby/2.1.0/gems/activerecord-4.2.0/lib/active_record/attribute_methods/dirty.rb:29:in `save!'
/home/web/swift-explorer/shared/bundle/ruby/2.1.0/gems/activerecord-4.2.0/lib/active_record/transactions.rb:291:in `block in save!'
/home/web/swift-explorer/shared/bundle/ruby/2.1.0/gems/activerecord-4.2.0/lib/active_record/transactions.rb:347:in `block in with_transaction_returning_status'
/home/web/swift-explorer/shared/bundle/ruby/2.1.0/gems/activerecord-4.2.0/lib/active_record/connection_adapters/abstract/database_statements.rb:213:in `block in transaction'
/home/web/swift-explorer/shared/bundle/ruby/2.1.0/gems/activerecord-4.2.0/lib/active_record/connection_adapters/abstract/transaction.rb:188:in `within_new_transaction'
/home/web/swift-explorer/shared/bundle/ruby/2.1.0/gems/activerecord-4.2.0/lib/active_record/connection_adapters/abstract/database_statements.rb:213:in `transaction'
/home/web/swift-explorer/shared/bundle/ruby/2.1.0/gems/activerecord-4.2.0/lib/active_record/transactions.rb:220:in `transaction'
/home/web/swift-explorer/shared/bundle/ruby/2.1.0/gems/activerecord-4.2.0/lib/active_record/transactions.rb:344:in `with_transaction_returning_status'
/home/web/swift-explorer/shared/bundle/ruby/2.1.0/gems/activerecord-4.2.0/lib/active_record/transactions.rb:291:in `save!'
/home/web/swift-explorer/releases/20150608064804/app/models/item.rb:182:in `from_remote_file!'
/home/web/swift-explorer/releases/20150608064804/app/workers/file_processor_worker.rb:20:in `perform'
/home/web/swift-explorer/shared/bundle/ruby/2.1.0/gems/sidekiq-3.3.0/lib/sidekiq/processor.rb:75:in `execute_job'
/home/web/swift-explorer/shared/bundle/ruby/2.1.0/gems/sidekiq-3.3.0/lib/sidekiq/processor.rb:52:in `block (2 levels) in process'
/home/web/swift-explorer/shared/bundle/ruby/2.1.0/gems/sidekiq-3.3.0/lib/sidekiq/middleware/chain.rb:127:in `call'
/home/web/swift-explorer/shared/bundle/ruby/2.1.0/gems/sidekiq-3.3.0/lib/sidekiq/middleware/chain.rb:127:in `block in invoke'
/home/web/swift-explorer/shared/bundle/ruby/2.1.0/gems/sidekiq-3.3.0/lib/sidekiq/middleware/server/active_record.rb:6:in `call'
/home/web/swift-explorer/shared/bundle/ruby/2.1.0/gems/sidekiq-3.3.0/lib/sidekiq/middleware/chain.rb:129:in `block in invoke'
/home/web/swift-explorer/shared/bundle/ruby/2.1.0/gems/sidekiq-3.3.0/lib/sidekiq/middleware/server/retry_jobs.rb:74:in `call'
/home/web/swift-explorer/shared/bundle/ruby/2.1.0/gems/sidekiq-3.3.0/lib/sidekiq/middleware/chain.rb:129:in `block in invoke'
/home/web/swift-explorer/shared/bundle/ruby/2.1.0/gems/sidekiq-3.3.0/lib/sidekiq/middleware/server/logging.rb:11:in `block in call'
/home/web/swift-explorer/shared/bundle/ruby/2.1.0/gems/sidekiq-3.3.0/lib/sidekiq/logging.rb:22:in `with_context'
/home/web/swift-explorer/shared/bundle/ruby/2.1.0/gems/sidekiq-3.3.0/lib/sidekiq/middleware/server/logging.rb:7:in `call'
/home/web/swift-explorer/shared/bundle/ruby/2.1.0/gems/sidekiq-3.3.0/lib/sidekiq/middleware/chain.rb:129:in `block in invoke'
/home/web/swift-explorer/shared/bundle/ruby/2.1.0/gems/sidekiq-3.3.0/lib/sidekiq/middleware/chain.rb:132:in `call'
/home/web/swift-explorer/shared/bundle/ruby/2.1.0/gems/sidekiq-3.3.0/lib/sidekiq/middleware/chain.rb:132:in `invoke'
/home/web/swift-explorer/shared/bundle/ruby/2.1.0/gems/sidekiq-3.3.0/lib/sidekiq/processor.rb:51:in `block in process'
/home/web/swift-explorer/shared/bundle/ruby/2.1.0/gems/sidekiq-3.3.0/lib/sidekiq/processor.rb:98:in `stats'
/home/web/swift-explorer/shared/bundle/ruby/2.1.0/gems/sidekiq-3.3.0/lib/sidekiq/processor.rb:50:in `process'
/home/web/swift-explorer/shared/bundle/ruby/2.1.0/gems/celluloid-0.16.0/lib/celluloid/calls.rb:26:in `public_send'
/home/web/swift-explorer/shared/bundle/ruby/2.1.0/gems/celluloid-0.16.0/lib/celluloid/calls.rb:26:in `dispatch'
/home/web/swift-explorer/shared/bundle/ruby/2.1.0/gems/celluloid-0.16.0/lib/celluloid/calls.rb:122:in `dispatch'
/home/web/swift-explorer/shared/bundle/ruby/2.1.0/gems/celluloid-0.16.0/lib/celluloid/cell.rb:60:in `block in invoke'
/home/web/swift-explorer/shared/bundle/ruby/2.1.0/gems/celluloid-0.16.0/lib/celluloid/cell.rb:71:in `block in task'
/home/web/swift-explorer/shared/bundle/ruby/2.1.0/gems/celluloid-0.16.0/lib/celluloid/actor.rb:357:in `block in task'
/home/web/swift-explorer/shared/bundle/ruby/2.1.0/gems/celluloid-0.16.0/lib/celluloid/tasks.rb:57:in `block in initialize'
/home/web/swift-explorer/shared/bundle/ruby/2.1.0/gems/celluloid-0.16.0/lib/celluloid/tasks/task_fiber.rb:15:in `block in create'
2015-06-24T20:47:14.869Z 25553 TID-osy0taly0 FileProcessorWorker JID-adcd2857ee8ea417dce6d7e4 INFO: start
2015-06-24T20:47:15.995Z 25553 TID-osy0taly0 FileProcessorWorker JID-adcd2857ee8ea417dce6d7e4 INFO: fail: 1.126 sec
2015-06-24T20:47:15.998Z 25553 TID-osy0taly0 WARN: {"retry"=>true, "queue"=>"upload", "class"=>"FileProcessorWorker", "args"=>["CMA-JR", "28MM_FACE2FACE_2007", "C_COLLAGE"], "jid"=>"adcd2857ee8ea417dce6d7e4", "enqueued_at"=>1434560237.585371, "error_message"=>"4796280780 is out of range for ActiveRecord::Type::UnsignedInteger with limit 4", "error_class"=>"RangeError", "failed_at"=>1434583663.2162402, "retry_count"=>20, "retried_at"=>1435178835.9943948}
2015-06-24T20:47:15.998Z 25553 TID-osy0taly0 WARN: 4796280780 is out of range for ActiveRecord::Type::UnsignedInteger with limit 4
2015-06-24T20:47:15.998Z 25553 TID-osy0taly0 WARN: /home/web/swift-explorer/shared/bundle/ruby/2.1.0/gems/activerecord-4.2.0/lib/active_record/type/integer.rb:41:in `ensure_in_range'
/home/web/swift-explorer/shared/bundle/ruby/2.1.0/gems/activerecord-4.2.0/lib/active_record/type/integer.rb:34:in `cast_value'
/home/web/swift-explorer/shared/bundle/ruby/2.1.0/gems/activerecord-4.2.0/lib/active_record/type/value.rb:89:in `type_cast'
/home/web/swift-explorer/shared/bundle/ruby/2.1.0/gems/activerecord-4.2.0/lib/active_record/type/numeric.rb:15:in `type_cast'
/home/web/swift-explorer/shared/bundle/ruby/2.1.0/gems/activerecord-4.2.0/lib/active_record/type/value.rb:34:in `type_cast_from_user'
/home/web/swift-explorer/shared/bundle/ruby/2.1.0/gems/activerecord-4.2.0/lib/active_record/attribute.rb:100:in `type_cast'
/home/web/swift-explorer/shared/bundle/ruby/2.1.0/gems/activerecord-4.2.0/lib/active_record/attribute.rb:42:in `original_value'
/home/web/swift-explorer/shared/bundle/ruby/2.1.0/gems/activerecord-4.2.0/lib/active_record/attribute.rb:37:in `value'
/home/web/swift-explorer/shared/bundle/ruby/2.1.0/gems/activerecord-4.2.0/lib/active_record/attribute.rb:54:in `changed_in_place_from?'
/home/web/swift-explorer/shared/bundle/ruby/2.1.0/gems/activerecord-4.2.0/lib/active_record/attribute_methods/dirty.rb:74:in `attribute_changed_in_place?'
/home/web/swift-explorer/shared/bundle/ruby/2.1.0/gems/activerecord-4.2.0/lib/active_record/attribute_methods/dirty.rb:149:in `block in changed_in_place'
/home/web/swift-explorer/shared/bundle/ruby/2.1.0/gems/activerecord-4.2.0/lib/active_record/attribute_methods/dirty.rb:148:in `select'
/home/web/swift-explorer/shared/bundle/ruby/2.1.0/gems/activerecord-4.2.0/lib/active_record/attribute_methods/dirty.rb:148:in `changed_in_place'
/home/web/swift-explorer/shared/bundle/ruby/2.1.0/gems/activerecord-4.2.0/lib/active_record/attribute_methods/dirty.rb:141:in `attributes_changed_in_place'
/home/web/swift-explorer/shared/bundle/ruby/2.1.0/gems/activerecord-4.2.0/lib/active_record/attribute_methods/dirty.rb:62:in `changed_attributes'
/home/web/swift-explorer/shared/bundle/ruby/2.1.0/gems/activemodel-4.2.0/lib/active_model/dirty.rb:173:in `attribute_changed?'
/home/web/swift-explorer/shared/bundle/ruby/2.1.0/gems/activerecord-4.2.0/lib/active_record/attribute_methods/dirty.rb:115:in `old_attribute_value'
/home/web/swift-explorer/shared/bundle/ruby/2.1.0/gems/activerecord-4.2.0/lib/active_record/attribute_methods/dirty.rb:90:in `write_attribute'
/home/web/swift-explorer/shared/bundle/ruby/2.1.0/gems/activerecord-4.2.0/lib/active_record/transactions.rb:393:in `restore_transaction_record_state'
/home/web/swift-explorer/shared/bundle/ruby/2.1.0/gems/activerecord-4.2.0/lib/active_record/transactions.rb:324:in `rolledback!'
/home/web/swift-explorer/shared/bundle/ruby/2.1.0/gems/activerecord-4.2.0/lib/active_record/connection_adapters/abstract/transaction.rb:73:in `rollback_records'
/home/web/swift-explorer/shared/bundle/ruby/2.1.0/gems/activerecord-4.2.0/lib/active_record/connection_adapters/abstract/transaction.rb:151:in `rollback'
/home/web/swift-explorer/shared/bundle/ruby/2.1.0/gems/activerecord-4.2.0/lib/active_record/connection_adapters/abstract/transaction.rb:183:in `rollback_transaction'
/home/web/swift-explorer/shared/bundle/ruby/2.1.0/gems/activerecord-4.2.0/lib/active_record/connection_adapters/abstract/transaction.rb:190:in `rescue in within_new_transaction'
/home/web/swift-explorer/shared/bundle/ruby/2.1.0/gems/activerecord-4.2.0/lib/active_record/connection_adapters/abstract/transaction.rb:205:in `within_new_transaction'
/home/web/swift-explorer/shared/bundle/ruby/2.1.0/gems/activerecord-4.2.0/lib/active_record/connection_adapters/abstract/database_statements.rb:213:in `transaction'
/home/web/swift-explorer/shared/bundle/ruby/2.1.0/gems/activerecord-4.2.0/lib/active_record/transactions.rb:220:in `transaction'
/home/web/swift-explorer/shared/bundle/ruby/2.1.0/gems/activerecord-4.2.0/lib/active_record/transactions.rb:344:in `with_transaction_returning_status'
/home/web/swift-explorer/shared/bundle/ruby/2.1.0/gems/activerecord-4.2.0/lib/active_record/transactions.rb:291:in `save!'
/home/web/swift-explorer/releases/20150608064804/app/models/folder.rb:34:in `rebuild_folders!'
/home/web/swift-explorer/releases/20150608064804/app/workers/file_processor_worker.rb:14:in `perform'
/home/web/swift-explorer/shared/bundle/ruby/2.1.0/gems/sidekiq-3.3.0/lib/sidekiq/processor.rb:75:in `execute_job'
/home/web/swift-explorer/shared/bundle/ruby/2.1.0/gems/sidekiq-3.3.0/lib/sidekiq/processor.rb:52:in `block (2 levels) in process'
/home/web/swift-explorer/shared/bundle/ruby/2.1.0/gems/sidekiq-3.3.0/lib/sidekiq/middleware/chain.rb:127:in `call'
/home/web/swift-explorer/shared/bundle/ruby/2.1.0/gems/sidekiq-3.3.0/lib/sidekiq/middleware/chain.rb:127:in `block in invoke'
/home/web/swift-explorer/shared/bundle/ruby/2.1.0/gems/sidekiq-3.3.0/lib/sidekiq/middleware/server/active_record.rb:6:in `call'
/home/web/swift-explorer/shared/bundle/ruby/2.1.0/gems/sidekiq-3.3.0/lib/sidekiq/middleware/chain.rb:129:in `block in invoke'
/home/web/swift-explorer/shared/bundle/ruby/2.1.0/gems/sidekiq-3.3.0/lib/sidekiq/middleware/server/retry_jobs.rb:74:in `call'
/home/web/swift-explorer/shared/bundle/ruby/2.1.0/gems/sidekiq-3.3.0/lib/sidekiq/middleware/chain.rb:129:in `block in invoke'
/home/web/swift-explorer/shared/bundle/ruby/2.1.0/gems/sidekiq-3.3.0/lib/sidekiq/middleware/server/logging.rb:11:in `block in call'
/home/web/swift-explorer/shared/bundle/ruby/2.1.0/gems/sidekiq-3.3.0/lib/sidekiq/logging.rb:22:in `with_context'
/home/web/swift-explorer/shared/bundle/ruby/2.1.0/gems/sidekiq-3.3.0/lib/sidekiq/middleware/server/logging.rb:7:in `call'
/home/web/swift-explorer/shared/bundle/ruby/2.1.0/gems/sidekiq-3.3.0/lib/sidekiq/middleware/chain.rb:129:in `block in invoke'
/home/web/swift-explorer/shared/bundle/ruby/2.1.0/gems/sidekiq-3.3.0/lib/sidekiq/middleware/chain.rb:132:in `call'
/home/web/swift-explorer/shared/bundle/ruby/2.1.0/gems/sidekiq-3.3.0/lib/sidekiq/middleware/chain.rb:132:in `invoke'
/home/web/swift-explorer/shared/bundle/ruby/2.1.0/gems/sidekiq-3.3.0/lib/sidekiq/processor.rb:51:in `block in process'
/home/web/swift-explorer/shared/bundle/ruby/2.1.0/gems/sidekiq-3.3.0/lib/sidekiq/processor.rb:98:in `stats'
/home/web/swift-explorer/shared/bundle/ruby/2.1.0/gems/sidekiq-3.3.0/lib/sidekiq/processor.rb:50:in `process'
/home/web/swift-explorer/shared/bundle/ruby/2.1.0/gems/celluloid-0.16.0/lib/celluloid/calls.rb:26:in `public_send'
/home/web/swift-explorer/shared/bundle/ruby/2.1.0/gems/celluloid-0.16.0/lib/celluloid/calls.rb:26:in `dispatch'
/home/web/swift-explorer/shared/bundle/ruby/2.1.0/gems/celluloid-0.16.0/lib/celluloid/calls.rb:122:in `dispatch'
/home/web/swift-explorer/shared/bundle/ruby/2.1.0/gems/celluloid-0.16.0/lib/celluloid/cell.rb:60:in `block in invoke'
/home/web/swift-explorer/shared/bundle/ruby/2.1.0/gems/celluloid-0.16.0/lib/celluloid/cell.rb:71:in `block in task'
/home/web/swift-explorer/shared/bundle/ruby/2.1.0/gems/celluloid-0.16.0/lib/celluloid/actor.rb:357:in `block in task'
/home/web/swift-explorer/shared/bundle/ruby/2.1.0/gems/celluloid-0.16.0/lib/celluloid/tasks.rb:57:in `block in initialize'
/home/web/swift-explorer/shared/bundle/ruby/2.1.0/gems/celluloid-0.16.0/lib/celluloid/tasks/task_fiber.rb:15:in `block in create'
2015-06-24T20:53:32.369Z 25553 TID-osy0taly0 FileProcessorWorker JID-42f8d8e3599ca94f4db5dff6 INFO: start
2015-06-24T20:53:33.422Z 25553 TID-osy0taly0 FileProcessorWorker JID-42f8d8e3599ca94f4db5dff6 INFO: fail: 1.053 sec
2015-06-24T20:53:33.424Z 25553 TID-osy0taly0 WARN: {"retry"=>true, "queue"=>"upload", "class"=>"FileProcessorWorker", "args"=>["CMA-JR", "28MM_FACE2FACE_2007", "B_PRE-COLLAGE/A_NATIVE_PORTRAIT/01_contactsheet"], "jid"=>"42f8d8e3599ca94f4db5dff6", "enqueued_at"=>1434560236.4939997, "error_message"=>"22622314056 is out of range for ActiveRecord::Type::UnsignedInteger with limit 4", "error_class"=>"RangeError", "failed_at"=>1434580237.2705514, "retry_count"=>20, "retried_at"=>1435179213.421257}
2015-06-24T20:53:33.425Z 25553 TID-osy0taly0 WARN: 22622314056 is out of range for ActiveRecord::Type::UnsignedInteger with limit 4
2015-06-24T20:53:33.425Z 25553 TID-osy0taly0 WARN: /home/web/swift-explorer/shared/bundle/ruby/2.1.0/gems/activerecord-4.2.0/lib/active_record/type/integer.rb:41:in `ensure_in_range'
/home/web/swift-explorer/shared/bundle/ruby/2.1.0/gems/activerecord-4.2.0/lib/active_record/type/integer.rb:34:in `cast_value'
/home/web/swift-explorer/shared/bundle/ruby/2.1.0/gems/activerecord-4.2.0/lib/active_record/type/value.rb:89:in `type_cast'
/home/web/swift-explorer/shared/bundle/ruby/2.1.0/gems/activerecord-4.2.0/lib/active_record/type/numeric.rb:15:in `type_cast'
/home/web/swift-explorer/shared/bundle/ruby/2.1.0/gems/activerecord-4.2.0/lib/active_record/type/value.rb:34:in `type_cast_from_user'
/home/web/swift-explorer/shared/bundle/ruby/2.1.0/gems/activerecord-4.2.0/lib/active_record/attribute.rb:100:in `type_cast'
/home/web/swift-explorer/shared/bundle/ruby/2.1.0/gems/activerecord-4.2.0/lib/active_record/attribute.rb:42:in `original_value'
/home/web/swift-explorer/shared/bundle/ruby/2.1.0/gems/activerecord-4.2.0/lib/active_record/attribute.rb:37:in `value'
/home/web/swift-explorer/shared/bundle/ruby/2.1.0/gems/activerecord-4.2.0/lib/active_record/attribute.rb:54:in `changed_in_place_from?'
/home/web/swift-explorer/shared/bundle/ruby/2.1.0/gems/activerecord-4.2.0/lib/active_record/attribute_methods/dirty.rb:74:in `attribute_changed_in_place?'
/home/web/swift-explorer/shared/bundle/ruby/2.1.0/gems/activerecord-4.2.0/lib/active_record/attribute_methods/dirty.rb:149:in `block in changed_in_place'
/home/web/swift-explorer/shared/bundle/ruby/2.1.0/gems/activerecord-4.2.0/lib/active_record/attribute_methods/dirty.rb:148:in `select'
/home/web/swift-explorer/shared/bundle/ruby/2.1.0/gems/activerecord-4.2.0/lib/active_record/attribute_methods/dirty.rb:148:in `changed_in_place'
/home/web/swift-explorer/shared/bundle/ruby/2.1.0/gems/activerecord-4.2.0/lib/active_record/attribute_methods/dirty.rb:141:in `attributes_changed_in_place'
/home/web/swift-explorer/shared/bundle/ruby/2.1.0/gems/activerecord-4.2.0/lib/active_record/attribute_methods/dirty.rb:62:in `changed_attributes'
/home/web/swift-explorer/shared/bundle/ruby/2.1.0/gems/activemodel-4.2.0/lib/active_model/dirty.rb:173:in `attribute_changed?'
/home/web/swift-explorer/shared/bundle/ruby/2.1.0/gems/activerecord-4.2.0/lib/active_record/attribute_methods/dirty.rb:115:in `old_attribute_value'
/home/web/swift-explorer/shared/bundle/ruby/2.1.0/gems/activerecord-4.2.0/lib/active_record/attribute_methods/dirty.rb:90:in `write_attribute'
/home/web/swift-explorer/shared/bundle/ruby/2.1.0/gems/activerecord-4.2.0/lib/active_record/transactions.rb:393:in `restore_transaction_record_state'
/home/web/swift-explorer/shared/bundle/ruby/2.1.0/gems/activerecord-4.2.0/lib/active_record/transactions.rb:324:in `rolledback!'
/home/web/swift-explorer/shared/bundle/ruby/2.1.0/gems/activerecord-4.2.0/lib/active_record/connection_adapters/abstract/transaction.rb:73:in `rollback_records'
/home/web/swift-explorer/shared/bundle/ruby/2.1.0/gems/activerecord-4.2.0/lib/active_record/connection_adapters/abstract/transaction.rb:151:in `rollback'
/home/web/swift-explorer/shared/bundle/ruby/2.1.0/gems/activerecord-4.2.0/lib/active_record/connection_adapters/abstract/transaction.rb:183:in `rollback_transaction'
/home/web/swift-explorer/shared/bundle/ruby/2.1.0/gems/activerecord-4.2.0/lib/active_record/connection_adapters/abstract/transaction.rb:190:in `rescue in within_new_transaction'
/home/web/swift-explorer/shared/bundle/ruby/2.1.0/gems/activerecord-4.2.0/lib/active_record/connection_adapters/abstract/transaction.rb:205:in `within_new_transaction'
/home/web/swift-explorer/shared/bundle/ruby/2.1.0/gems/activerecord-4.2.0/lib/active_record/connection_adapters/abstract/database_statements.rb:213:in `transaction'
/home/web/swift-explorer/shared/bundle/ruby/2.1.0/gems/activerecord-4.2.0/lib/active_record/transactions.rb:220:in `transaction'
/home/web/swift-explorer/shared/bundle/ruby/2.1.0/gems/activerecord-4.2.0/lib/active_record/associations/collection_association.rb:172:in `transaction'
/home/web/swift-explorer/shared/bundle/ruby/2.1.0/gems/activerecord-4.2.0/lib/active_record/associations/collection_association.rb:158:in `concat'
/home/web/swift-explorer/shared/bundle/ruby/2.1.0/gems/activerecord-4.2.0/lib/active_record/associations/collection_proxy.rb:964:in `<<'
/home/web/swift-explorer/shared/bundle/ruby/2.1.0/gems/closure_tree-5.2.0/lib/closure_tree/model.rb:134:in `add_child'
/home/web/swift-explorer/releases/20150608064804/app/models/concerns/ancestry_builder.rb:39:in `create_parent_directory!'
/home/web/swift-explorer/releases/20150608064804/app/models/folder.rb:33:in `rebuild_folders!'
/home/web/swift-explorer/releases/20150608064804/app/workers/file_processor_worker.rb:14:in `perform'
/home/web/swift-explorer/shared/bundle/ruby/2.1.0/gems/sidekiq-3.3.0/lib/sidekiq/processor.rb:75:in `execute_job'
/home/web/swift-explorer/shared/bundle/ruby/2.1.0/gems/sidekiq-3.3.0/lib/sidekiq/processor.rb:52:in `block (2 levels) in process'
/home/web/swift-explorer/shared/bundle/ruby/2.1.0/gems/sidekiq-3.3.0/lib/sidekiq/middleware/chain.rb:127:in `call'
/home/web/swift-explorer/shared/bundle/ruby/2.1.0/gems/sidekiq-3.3.0/lib/sidekiq/middleware/chain.rb:127:in `block in invoke'
/home/web/swift-explorer/shared/bundle/ruby/2.1.0/gems/sidekiq-3.3.0/lib/sidekiq/middleware/server/active_record.rb:6:in `call'
/home/web/swift-explorer/shared/bundle/ruby/2.1.0/gems/sidekiq-3.3.0/lib/sidekiq/middleware/chain.rb:129:in `block in invoke'
/home/web/swift-explorer/shared/bundle/ruby/2.1.0/gems/sidekiq-3.3.0/lib/sidekiq/middleware/server/retry_jobs.rb:74:in `call'
/home/web/swift-explorer/shared/bundle/ruby/2.1.0/gems/sidekiq-3.3.0/lib/sidekiq/middleware/chain.rb:129:in `block in invoke'
/home/web/swift-explorer/shared/bundle/ruby/2.1.0/gems/sidekiq-3.3.0/lib/sidekiq/middleware/server/logging.rb:11:in `block in call'
/home/web/swift-explorer/shared/bundle/ruby/2.1.0/gems/sidekiq-3.3.0/lib/sidekiq/logging.rb:22:in `with_context'
/home/web/swift-explorer/shared/bundle/ruby/2.1.0/gems/sidekiq-3.3.0/lib/sidekiq/middleware/server/logging.rb:7:in `call'
/home/web/swift-explorer/shared/bundle/ruby/2.1.0/gems/sidekiq-3.3.0/lib/sidekiq/middleware/chain.rb:129:in `block in invoke'
/home/web/swift-explorer/shared/bundle/ruby/2.1.0/gems/sidekiq-3.3.0/lib/sidekiq/middleware/chain.rb:132:in `call'
/home/web/swift-explorer/shared/bundle/ruby/2.1.0/gems/sidekiq-3.3.0/lib/sidekiq/middleware/chain.rb:132:in `invoke'
/home/web/swift-explorer/shared/bundle/ruby/2.1.0/gems/sidekiq-3.3.0/lib/sidekiq/processor.rb:51:in `block in process'
/home/web/swift-explorer/shared/bundle/ruby/2.1.0/gems/sidekiq-3.3.0/lib/sidekiq/processor.rb:98:in `stats'
/home/web/swift-explorer/shared/bundle/ruby/2.1.0/gems/sidekiq-3.3.0/lib/sidekiq/processor.rb:50:in `process'
/home/web/swift-explorer/shared/bundle/ruby/2.1.0/gems/celluloid-0.16.0/lib/celluloid/calls.rb:26:in `public_send'
/home/web/swift-explorer/shared/bundle/ruby/2.1.0/gems/celluloid-0.16.0/lib/celluloid/calls.rb:26:in `dispatch'
/home/web/swift-explorer/shared/bundle/ruby/2.1.0/gems/celluloid-0.16.0/lib/celluloid/calls.rb:122:in `dispatch'
/home/web/swift-explorer/shared/bundle/ruby/2.1.0/gems/celluloid-0.16.0/lib/celluloid/cell.rb:60:in `block in invoke'
/home/web/swift-explorer/shared/bundle/ruby/2.1.0/gems/celluloid-0.16.0/lib/celluloid/cell.rb:71:in `block in task'
/home/web/swift-explorer/shared/bundle/ruby/2.1.0/gems/celluloid-0.16.0/lib/celluloid/actor.rb:357:in `block in task'
/home/web/swift-explorer/shared/bundle/ruby/2.1.0/gems/celluloid-0.16.0/lib/celluloid/tasks.rb:57:in `block in initialize'
/home/web/swift-explorer/shared/bundle/ruby/2.1.0/gems/celluloid-0.16.0/lib/celluloid/tasks/task_fiber.rb:15:in `block in create'
2015-06-24T20:53:49.359Z 25553 TID-osy0taly0 FileProcessorWorker JID-6b47788243315ee069e1bc6e INFO: start
2015-06-24T20:53:50.222Z 25553 TID-osy0taly0 FileProcessorWorker JID-6b47788243315ee069e1bc6e INFO: fail: 0.863 sec
2015-06-24T20:53:50.224Z 25553 TID-osy0taly0 WARN: {"retry"=>true, "queue"=>"upload", "class"=>"FileProcessorWorker", "args"=>["CMA-JR", "28MM_FACE2FACE_2007", "A_REPORTAGE"], "jid"=>"6b47788243315ee069e1bc6e", "enqueued_at"=>1434560216.8817492, "error_message"=>"11825587203 is out of range for ActiveRecord::Type::UnsignedInteger with limit 4", "error_class"=>"RangeError", "failed_at"=>1434560220.3976045, "retry_count"=>20, "retried_at"=>1435179230.221781}
2015-06-24T20:53:50.224Z 25553 TID-osy0taly0 WARN: 11825587203 is out of range for ActiveRecord::Type::UnsignedInteger with limit 4
2015-06-24T20:53:50.225Z 25553 TID-osy0taly0 WARN: /home/web/swift-explorer/shared/bundle/ruby/2.1.0/gems/activerecord-4.2.0/lib/active_record/type/integer.rb:41:in `ensure_in_range'
/home/web/swift-explorer/shared/bundle/ruby/2.1.0/gems/activerecord-4.2.0/lib/active_record/type/integer.rb:34:in `cast_value'
/home/web/swift-explorer/shared/bundle/ruby/2.1.0/gems/activerecord-4.2.0/lib/active_record/type/value.rb:89:in `type_cast'
/home/web/swift-explorer/shared/bundle/ruby/2.1.0/gems/activerecord-4.2.0/lib/active_record/type/numeric.rb:15:in `type_cast'
/home/web/swift-explorer/shared/bundle/ruby/2.1.0/gems/activerecord-4.2.0/lib/active_record/type/value.rb:34:in `type_cast_from_user'
/home/web/swift-explorer/shared/bundle/ruby/2.1.0/gems/activerecord-4.2.0/lib/active_record/attribute.rb:100:in `type_cast'
/home/web/swift-explorer/shared/bundle/ruby/2.1.0/gems/activerecord-4.2.0/lib/active_record/attribute.rb:42:in `original_value'
/home/web/swift-explorer/shared/bundle/ruby/2.1.0/gems/activerecord-4.2.0/lib/active_record/attribute.rb:37:in `value'
/home/web/swift-explorer/shared/bundle/ruby/2.1.0/gems/activerecord-4.2.0/lib/active_record/attribute.rb:54:in `changed_in_place_from?'
/home/web/swift-explorer/shared/bundle/ruby/2.1.0/gems/activerecord-4.2.0/lib/active_record/attribute_methods/dirty.rb:74:in `attribute_changed_in_place?'
/home/web/swift-explorer/shared/bundle/ruby/2.1.0/gems/activerecord-4.2.0/lib/active_record/attribute_methods/dirty.rb:149:in `block in changed_in_place'
/home/web/swift-explorer/shared/bundle/ruby/2.1.0/gems/activerecord-4.2.0/lib/active_record/attribute_methods/dirty.rb:148:in `select'
/home/web/swift-explorer/shared/bundle/ruby/2.1.0/gems/activerecord-4.2.0/lib/active_record/attribute_methods/dirty.rb:148:in `changed_in_place'
/home/web/swift-explorer/shared/bundle/ruby/2.1.0/gems/activerecord-4.2.0/lib/active_record/attribute_methods/dirty.rb:141:in `attributes_changed_in_place'
/home/web/swift-explorer/shared/bundle/ruby/2.1.0/gems/activerecord-4.2.0/lib/active_record/attribute_methods/dirty.rb:62:in `changed_attributes'
/home/web/swift-explorer/shared/bundle/ruby/2.1.0/gems/activemodel-4.2.0/lib/active_model/dirty.rb:173:in `attribute_changed?'
/home/web/swift-explorer/shared/bundle/ruby/2.1.0/gems/activerecord-4.2.0/lib/active_record/attribute_methods/dirty.rb:115:in `old_attribute_value'
/home/web/swift-explorer/shared/bundle/ruby/2.1.0/gems/activerecord-4.2.0/lib/active_record/attribute_methods/dirty.rb:90:in `write_attribute'
/home/web/swift-explorer/shared/bundle/ruby/2.1.0/gems/activerecord-4.2.0/lib/active_record/transactions.rb:393:in `restore_transaction_record_state'
/home/web/swift-explorer/shared/bundle/ruby/2.1.0/gems/activerecord-4.2.0/lib/active_record/transactions.rb:324:in `rolledback!'
/home/web/swift-explorer/shared/bundle/ruby/2.1.0/gems/activerecord-4.2.0/lib/active_record/connection_adapters/abstract/transaction.rb:73:in `rollback_records'
/home/web/swift-explorer/shared/bundle/ruby/2.1.0/gems/activerecord-4.2.0/lib/active_record/connection_adapters/abstract/transaction.rb:151:in `rollback'
/home/web/swift-explorer/shared/bundle/ruby/2.1.0/gems/activerecord-4.2.0/lib/active_record/connection_adapters/abstract/transaction.rb:183:in `rollback_transaction'
/home/web/swift-explorer/shared/bundle/ruby/2.1.0/gems/activerecord-4.2.0/lib/active_record/connection_adapters/abstract/transaction.rb:190:in `rescue in within_new_transaction'
/home/web/swift-explorer/shared/bundle/ruby/2.1.0/gems/activerecord-4.2.0/lib/active_record/connection_adapters/abstract/transaction.rb:205:in `within_new_transaction'
/home/web/swift-explorer/shared/bundle/ruby/2.1.0/gems/activerecord-4.2.0/lib/active_record/connection_adapters/abstract/database_statements.rb:213:in `transaction'
/home/web/swift-explorer/shared/bundle/ruby/2.1.0/gems/activerecord-4.2.0/lib/active_record/transactions.rb:220:in `transaction'
/home/web/swift-explorer/shared/bundle/ruby/2.1.0/gems/activerecord-4.2.0/lib/active_record/transactions.rb:344:in `with_transaction_returning_status'
/home/web/swift-explorer/shared/bundle/ruby/2.1.0/gems/activerecord-4.2.0/lib/active_record/transactions.rb:291:in `save!'
/home/web/swift-explorer/releases/20150608064804/app/models/folder.rb:34:in `rebuild_folders!'
/home/web/swift-explorer/releases/20150608064804/app/workers/file_processor_worker.rb:14:in `perform'
/home/web/swift-explorer/shared/bundle/ruby/2.1.0/gems/sidekiq-3.3.0/lib/sidekiq/processor.rb:75:in `execute_job'
/home/web/swift-explorer/shared/bundle/ruby/2.1.0/gems/sidekiq-3.3.0/lib/sidekiq/processor.rb:52:in `block (2 levels) in process'
/home/web/swift-explorer/shared/bundle/ruby/2.1.0/gems/sidekiq-3.3.0/lib/sidekiq/middleware/chain.rb:127:in `call'
/home/web/swift-explorer/shared/bundle/ruby/2.1.0/gems/sidekiq-3.3.0/lib/sidekiq/middleware/chain.rb:127:in `block in invoke'
/home/web/swift-explorer/shared/bundle/ruby/2.1.0/gems/sidekiq-3.3.0/lib/sidekiq/middleware/server/active_record.rb:6:in `call'
/home/web/swift-explorer/shared/bundle/ruby/2.1.0/gems/sidekiq-3.3.0/lib/sidekiq/middleware/chain.rb:129:in `block in invoke'
/home/web/swift-explorer/shared/bundle/ruby/2.1.0/gems/sidekiq-3.3.0/lib/sidekiq/middleware/server/retry_jobs.rb:74:in `call'
/home/web/swift-explorer/shared/bundle/ruby/2.1.0/gems/sidekiq-3.3.0/lib/sidekiq/middleware/chain.rb:129:in `block in invoke'
/home/web/swift-explorer/shared/bundle/ruby/2.1.0/gems/sidekiq-3.3.0/lib/sidekiq/middleware/server/logging.rb:11:in `block in call'
/home/web/swift-explorer/shared/bundle/ruby/2.1.0/gems/sidekiq-3.3.0/lib/sidekiq/logging.rb:22:in `with_context'
/home/web/swift-explorer/shared/bundle/ruby/2.1.0/gems/sidekiq-3.3.0/lib/sidekiq/middleware/server/logging.rb:7:in `call'
/home/web/swift-explorer/shared/bundle/ruby/2.1.0/gems/sidekiq-3.3.0/lib/sidekiq/middleware/chain.rb:129:in `block in invoke'
/home/web/swift-explorer/shared/bundle/ruby/2.1.0/gems/sidekiq-3.3.0/lib/sidekiq/middleware/chain.rb:132:in `call'
/home/web/swift-explorer/shared/bundle/ruby/2.1.0/gems/sidekiq-3.3.0/lib/sidekiq/middleware/chain.rb:132:in `invoke'
/home/web/swift-explorer/shared/bundle/ruby/2.1.0/gems/sidekiq-3.3.0/lib/sidekiq/processor.rb:51:in `block in process'
/home/web/swift-explorer/shared/bundle/ruby/2.1.0/gems/sidekiq-3.3.0/lib/sidekiq/processor.rb:98:in `stats'
/home/web/swift-explorer/shared/bundle/ruby/2.1.0/gems/sidekiq-3.3.0/lib/sidekiq/processor.rb:50:in `process'
/home/web/swift-explorer/shared/bundle/ruby/2.1.0/gems/celluloid-0.16.0/lib/celluloid/calls.rb:26:in `public_send'
/home/web/swift-explorer/shared/bundle/ruby/2.1.0/gems/celluloid-0.16.0/lib/celluloid/calls.rb:26:in `dispatch'
/home/web/swift-explorer/shared/bundle/ruby/2.1.0/gems/celluloid-0.16.0/lib/celluloid/calls.rb:122:in `dispatch'
/home/web/swift-explorer/shared/bundle/ruby/2.1.0/gems/celluloid-0.16.0/lib/celluloid/cell.rb:60:in `block in invoke'
/home/web/swift-explorer/shared/bundle/ruby/2.1.0/gems/celluloid-0.16.0/lib/celluloid/cell.rb:71:in `block in task'
/home/web/swift-explorer/shared/bundle/ruby/2.1.0/gems/celluloid-0.16.0/lib/celluloid/actor.rb:357:in `block in task'
/home/web/swift-explorer/shared/bundle/ruby/2.1.0/gems/celluloid-0.16.0/lib/celluloid/tasks.rb:57:in `block in initialize'
/home/web/swift-explorer/shared/bundle/ruby/2.1.0/gems/celluloid-0.16.0/lib/celluloid/tasks/task_fiber.rb:15:in `block in create'
2015-06-24T20:58:53.910Z 25553 TID-osy0taly0 FileProcessorWorker JID-bbaae470d6b284f2603b8556 INFO: start
2015-06-24T20:58:54.800Z 25553 TID-osy0taly0 FileProcessorWorker JID-bbaae470d6b284f2603b8556 INFO: fail: 0.89 sec
2015-06-24T20:58:54.802Z 25553 TID-osy0taly0 WARN: {"retry"=>true, "queue"=>"upload", "class"=>"FileProcessorWorker", "args"=>["CMA-JR", "28MM_PORTRAIT_D'UNE_GENERATION_2004", "E_SELECTION"], "jid"=>"bbaae470d6b284f2603b8556", "enqueued_at"=>1434560251.4175549, "error_message"=>"5551142554 is out of range for ActiveRecord::Type::UnsignedInteger with limit 4", "error_class"=>"RangeError", "failed_at"=>1434603284.571793, "retry_count"=>20, "retried_at"=>1435179534.7995965}
2015-06-24T20:58:54.802Z 25553 TID-osy0taly0 WARN: 5551142554 is out of range for ActiveRecord::Type::UnsignedInteger with limit 4
2015-06-24T20:58:54.802Z 25553 TID-osy0taly0 WARN: /home/web/swift-explorer/shared/bundle/ruby/2.1.0/gems/activerecord-4.2.0/lib/active_record/type/integer.rb:41:in `ensure_in_range'
/home/web/swift-explorer/shared/bundle/ruby/2.1.0/gems/activerecord-4.2.0/lib/active_record/type/integer.rb:34:in `cast_value'
/home/web/swift-explorer/shared/bundle/ruby/2.1.0/gems/activerecord-4.2.0/lib/active_record/type/value.rb:89:in `type_cast'
/home/web/swift-explorer/shared/bundle/ruby/2.1.0/gems/activerecord-4.2.0/lib/active_record/type/numeric.rb:15:in `type_cast'
/home/web/swift-explorer/shared/bundle/ruby/2.1.0/gems/activerecord-4.2.0/lib/active_record/type/value.rb:34:in `type_cast_from_user'
/home/web/swift-explorer/shared/bundle/ruby/2.1.0/gems/activerecord-4.2.0/lib/active_record/attribute.rb:100:in `type_cast'
/home/web/swift-explorer/shared/bundle/ruby/2.1.0/gems/activerecord-4.2.0/lib/active_record/attribute.rb:42:in `original_value'
/home/web/swift-explorer/shared/bundle/ruby/2.1.0/gems/activerecord-4.2.0/lib/active_record/attribute.rb:37:in `value'
/home/web/swift-explorer/shared/bundle/ruby/2.1.0/gems/activerecord-4.2.0/lib/active_record/attribute.rb:54:in `changed_in_place_from?'
/home/web/swift-explorer/shared/bundle/ruby/2.1.0/gems/activerecord-4.2.0/lib/active_record/attribute_methods/dirty.rb:74:in `attribute_changed_in_place?'
/home/web/swift-explorer/shared/bundle/ruby/2.1.0/gems/activerecord-4.2.0/lib/active_record/attribute_methods/dirty.rb:149:in `block in changed_in_place'
/home/web/swift-explorer/shared/bundle/ruby/2.1.0/gems/activerecord-4.2.0/lib/active_record/attribute_methods/dirty.rb:148:in `select'
/home/web/swift-explorer/shared/bundle/ruby/2.1.0/gems/activerecord-4.2.0/lib/active_record/attribute_methods/dirty.rb:148:in `changed_in_place'
/home/web/swift-explorer/shared/bundle/ruby/2.1.0/gems/activerecord-4.2.0/lib/active_record/attribute_methods/dirty.rb:141:in `attributes_changed_in_place'
/home/web/swift-explorer/shared/bundle/ruby/2.1.0/gems/activerecord-4.2.0/lib/active_record/attribute_methods/dirty.rb:62:in `changed_attributes'
/home/web/swift-explorer/shared/bundle/ruby/2.1.0/gems/activemodel-4.2.0/lib/active_model/dirty.rb:173:in `attribute_changed?'
/home/web/swift-explorer/shared/bundle/ruby/2.1.0/gems/activerecord-4.2.0/lib/active_record/attribute_methods/dirty.rb:115:in `old_attribute_value'
/home/web/swift-explorer/shared/bundle/ruby/2.1.0/gems/activerecord-4.2.0/lib/active_record/attribute_methods/dirty.rb:90:in `write_attribute'
/home/web/swift-explorer/shared/bundle/ruby/2.1.0/gems/activerecord-4.2.0/lib/active_record/transactions.rb:393:in `restore_transaction_record_state'
/home/web/swift-explorer/shared/bundle/ruby/2.1.0/gems/activerecord-4.2.0/lib/active_record/transactions.rb:324:in `rolledback!'
/home/web/swift-explorer/shared/bundle/ruby/2.1.0/gems/activerecord-4.2.0/lib/active_record/connection_adapters/abstract/transaction.rb:73:in `rollback_records'
/home/web/swift-explorer/shared/bundle/ruby/2.1.0/gems/activerecord-4.2.0/lib/active_record/connection_adapters/abstract/transaction.rb:151:in `rollback'
/home/web/swift-explorer/shared/bundle/ruby/2.1.0/gems/activerecord-4.2.0/lib/active_record/connection_adapters/abstract/transaction.rb:183:in `rollback_transaction'
/home/web/swift-explorer/shared/bundle/ruby/2.1.0/gems/activerecord-4.2.0/lib/active_record/connection_adapters/abstract/transaction.rb:190:in `rescue in within_new_transaction'
/home/web/swift-explorer/shared/bundle/ruby/2.1.0/gems/activerecord-4.2.0/lib/active_record/connection_adapters/abstract/transaction.rb:205:in `within_new_transaction'
/home/web/swift-explorer/shared/bundle/ruby/2.1.0/gems/activerecord-4.2.0/lib/active_record/connection_adapters/abstract/database_statements.rb:213:in `transaction'
/home/web/swift-explorer/shared/bundle/ruby/2.1.0/gems/activerecord-4.2.0/lib/active_record/transactions.rb:220:in `transaction'
/home/web/swift-explorer/shared/bundle/ruby/2.1.0/gems/activerecord-4.2.0/lib/active_record/transactions.rb:344:in `with_transaction_returning_status'
/home/web/swift-explorer/shared/bundle/ruby/2.1.0/gems/activerecord-4.2.0/lib/active_record/transactions.rb:291:in `save!'
/home/web/swift-explorer/releases/20150608064804/app/models/folder.rb:34:in `rebuild_folders!'
/home/web/swift-explorer/releases/20150608064804/app/workers/file_processor_worker.rb:14:in `perform'
/home/web/swift-explorer/shared/bundle/ruby/2.1.0/gems/sidekiq-3.3.0/lib/sidekiq/processor.rb:75:in `execute_job'
/home/web/swift-explorer/shared/bundle/ruby/2.1.0/gems/sidekiq-3.3.0/lib/sidekiq/processor.rb:52:in `block (2 levels) in process'
/home/web/swift-explorer/shared/bundle/ruby/2.1.0/gems/sidekiq-3.3.0/lib/sidekiq/middleware/chain.rb:127:in `call'
/home/web/swift-explorer/shared/bundle/ruby/2.1.0/gems/sidekiq-3.3.0/lib/sidekiq/middleware/chain.rb:127:in `block in invoke'
/home/web/swift-explorer/shared/bundle/ruby/2.1.0/gems/sidekiq-3.3.0/lib/sidekiq/middleware/server/active_record.rb:6:in `call'
/home/web/swift-explorer/shared/bundle/ruby/2.1.0/gems/sidekiq-3.3.0/lib/sidekiq/middleware/chain.rb:129:in `block in invoke'
/home/web/swift-explorer/shared/bundle/ruby/2.1.0/gems/sidekiq-3.3.0/lib/sidekiq/middleware/server/retry_jobs.rb:74:in `call'
/home/web/swift-explorer/shared/bundle/ruby/2.1.0/gems/sidekiq-3.3.0/lib/sidekiq/middleware/chain.rb:129:in `block in invoke'
/home/web/swift-explorer/shared/bundle/ruby/2.1.0/gems/sidekiq-3.3.0/lib/sidekiq/middleware/server/logging.rb:11:in `block in call'
/home/web/swift-explorer/shared/bundle/ruby/2.1.0/gems/sidekiq-3.3.0/lib/sidekiq/logging.rb:22:in `with_context'
/home/web/swift-explorer/shared/bundle/ruby/2.1.0/gems/sidekiq-3.3.0/lib/sidekiq/middleware/server/logging.rb:7:in `call'
/home/web/swift-explorer/shared/bundle/ruby/2.1.0/gems/sidekiq-3.3.0/lib/sidekiq/middleware/chain.rb:129:in `block in invoke'
/home/web/swift-explorer/shared/bundle/ruby/2.1.0/gems/sidekiq-3.3.0/lib/sidekiq/middleware/chain.rb:132:in `call'
/home/web/swift-explorer/shared/bundle/ruby/2.1.0/gems/sidekiq-3.3.0/lib/sidekiq/middleware/chain.rb:132:in `invoke'
/home/web/swift-explorer/shared/bundle/ruby/2.1.0/gems/sidekiq-3.3.0/lib/sidekiq/processor.rb:51:in `block in process'
/home/web/swift-explorer/shared/bundle/ruby/2.1.0/gems/sidekiq-3.3.0/lib/sidekiq/processor.rb:98:in `stats'
/home/web/swift-explorer/shared/bundle/ruby/2.1.0/gems/sidekiq-3.3.0/lib/sidekiq/processor.rb:50:in `process'
/home/web/swift-explorer/shared/bundle/ruby/2.1.0/gems/celluloid-0.16.0/lib/celluloid/calls.rb:26:in `public_send'
/home/web/swift-explorer/shared/bundle/ruby/2.1.0/gems/celluloid-0.16.0/lib/celluloid/calls.rb:26:in `dispatch'
/home/web/swift-explorer/shared/bundle/ruby/2.1.0/gems/celluloid-0.16.0/lib/celluloid/calls.rb:122:in `dispatch'
/home/web/swift-explorer/shared/bundle/ruby/2.1.0/gems/celluloid-0.16.0/lib/celluloid/cell.rb:60:in `block in invoke'
/home/web/swift-explorer/shared/bundle/ruby/2.1.0/gems/celluloid-0.16.0/lib/celluloid/cell.rb:71:in `block in task'
/home/web/swift-explorer/shared/bundle/ruby/2.1.0/gems/celluloid-0.16.0/lib/celluloid/actor.rb:357:in `block in task'
/home/web/swift-explorer/shared/bundle/ruby/2.1.0/gems/celluloid-0.16.0/lib/celluloid/tasks.rb:57:in `block in initialize'
/home/web/swift-explorer/shared/bundle/ruby/2.1.0/gems/celluloid-0.16.0/lib/celluloid/tasks/task_fiber.rb:15:in `block in create'
